Using pre-set license
Built from '2021.1/staging' branch; Version is '2021.1.14f1 (51d2f824827f) revision 5362424'; Using compiler version '192528614'; Build Type 'Release'
OS: 'Windows 10 Home Single Language; OS build 19043.1110; Version 2009; 64bit' Language: 'en' Physical Memory: 7068 MB
BatchMode: 1, IsHumanControllingUs: 0, StartBugReporterOnCrash: 0, Is64bit: 1, IsPro: 0

 COMMAND LINE ARGUMENTS:
C:\Program Files\Unity\Hub\Editor\2021.1.14f1\Editor\Unity.exe
-adb2
-batchMode
-noUpm
-name
AssetImportWorker37
-projectPath
C:/Users/mapan/Documents/GitHub/FilipiKnow-Its-Art
-logFile
Logs/AssetImportWorker37.log
-srvPort
55072
Successfully changed project path to: C:/Users/mapan/Documents/GitHub/FilipiKnow-Its-Art
C:/Users/mapan/Documents/GitHub/FilipiKnow-Its-Art
Using Asset Import Pipeline V2.
Refreshing native plugins compatible for Editor in 156.08 ms, found 2 plugins.
Preloading 0 native plugins for Editor in 0.00 ms.
Initialize engine version: 2021.1.14f1 (51d2f824827f)
[Subsystems] Discovering subsystems at path C:/Program Files/Unity/Hub/Editor/2021.1.14f1/Editor/Data/Resources/UnitySubsystems
[Subsystems] Discovering subsystems at path C:/Users/mapan/Documents/GitHub/FilipiKnow-Its-Art/Assets
GfxDevice: creating device client; threaded=0; jobified=0
Direct3D:
    Version:  Direct3D 11.0 [level 11.1]
    Renderer: AMD Radeon(TM) Vega 8 Graphics (ID=0x15dd)
    Vendor:   ATI
    VRAM:     3534 MB
    Driver:   27.20.22001.14011
Initialize mono
Mono path[0] = 'C:/Program Files/Unity/Hub/Editor/2021.1.14f1/Editor/Data/Managed'
Mono path[1] = 'C:/Program Files/Unity/Hub/Editor/2021.1.14f1/Editor/Data/MonoBleedingEdge/lib/mono/unityjit'
Mono config path = 'C:/Program Files/Unity/Hub/Editor/2021.1.14f1/Editor/Data/MonoBleedingEdge/etc'
Using monoOptions --debugger-agent=transport=dt_socket,embedding=1,server=y,suspend=n,address=127.0.0.1:56068
Begin MonoManager ReloadAssembly
Registering precompiled unity dll's ...
Register platform support module: C:/Program Files/Unity/Hub/Editor/2021.1.14f1/Editor/Data/PlaybackEngines/WindowsStandaloneSupport/UnityEditor.WindowsStandalone.Extensions.dll
Registered in 0.004399 seconds.
Native extension for WindowsStandalone target not found
Refreshing native plugins compatible for Editor in 133.03 ms, found 2 plugins.
Preloading 0 native plugins for Editor in 0.00 ms.
Mono: successfully reloaded assembly
- Completed reload, in  5.795 seconds
Domain Reload Profiling:
	ReloadAssembly (5795ms)
		BeginReloadAssembly (142ms)
			ExecutionOrderSort (0ms)
			DisableScriptedObjects (0ms)
			BackupInstance (0ms)
			ReleaseScriptingObjects (0ms)
			CreateAndSetChildDomain (1ms)
		EndReloadAssembly (1172ms)
			LoadAssemblies (138ms)
			RebuildTransferFunctionScriptingTraits (0ms)
			SetupTypeCache (475ms)
			ReleaseScriptCaches (0ms)
			RebuildScriptCaches (80ms)
			SetupLoadedEditorAssemblies (481ms)
				LogAssemblyErrors (0ms)
				InitializePlatformSupportModulesInManaged (17ms)
				SetLoadedEditorAssemblies (0ms)
				RefreshPlugins (133ms)
				BeforeProcessingInitializeOnLoad (3ms)
				ProcessInitializeOnLoadAttributes (247ms)
				ProcessInitializeOnLoadMethodAttributes (78ms)
				AfterProcessingInitializeOnLoad (0ms)
				EditorAssembliesLoaded (1ms)
			ExecutionOrderSort2 (0ms)
			AwakeInstancesAfterBackupRestoration (0ms)
Platform modules already initialized, skipping
Registering precompiled user dll's ...
Registered in 0.017530 seconds.
Begin MonoManager ReloadAssembly
Native extension for WindowsStandalone target not found
Refreshing native plugins compatible for Editor in 2.30 ms, found 2 plugins.
Preloading 0 native plugins for Editor in 0.00 ms.
Find all reader and writers took 242 milliseconds
Script Module: UnityEngine.UI.dll
Weave behaviours and messages took166 milliseconds
Find all reader and writers took 201 milliseconds
Script Module: UnityEngine.TestRunner.dll
Weave behaviours and messages took45 milliseconds
Find all reader and writers took 201 milliseconds
Script Module: UnityEngine.XR.LegacyInputHelpers.dll
Weave behaviours and messages took4 milliseconds
Find all reader and writers took 175 milliseconds
Script Module: SimpleWebTransport.dll
Weave behaviours and messages took18 milliseconds
Find all reader and writers took 176 milliseconds
Script Module: Unity.Timeline.dll
Weave behaviours and messages took59 milliseconds
Find all reader and writers took 180 milliseconds
Script Module: UnityEngine.Purchasing.WinRTCore.dll
Weave behaviours and messages took0 milliseconds
Find all reader and writers took 200 milliseconds
Script Module: UnityEngine.Monetization.dll
Weave behaviours and messages took13 milliseconds
Find all reader and writers took 188 milliseconds
Script Module: UnityEngine.Purchasing.Stores.dll
Weave behaviours and messages took66 milliseconds
Find all reader and writers took 173 milliseconds
Script Module: UnityEngine.Purchasing.SecurityCore.dll
Weave behaviours and messages took1 milliseconds
Find all reader and writers took 238 milliseconds
Script Module: Unity.TextMeshPro.dll
Weave behaviours and messages took150 milliseconds
Find all reader and writers took 170 milliseconds
Script Module: UnityEngine.Purchasing.AppleCore.dll
Weave behaviours and messages took0 milliseconds
Find all reader and writers took 176 milliseconds
Script Module: UnityEngine.Purchasing.dll
Weave behaviours and messages took21 milliseconds
Find all reader and writers took 165 milliseconds
Script Module: UnityEngine.Advertisements.dll
Weave behaviours and messages took18 milliseconds
Find all reader and writers took 170 milliseconds
Script Module: kcp2k.dll
Weave behaviours and messages took19 milliseconds
Find all reader and writers took 172 milliseconds
Script Module: Telepathy.dll
Weave behaviours and messages took15 milliseconds
Find all reader and writers took 174 milliseconds
Script Module: UnityEngine.Purchasing.SecurityStub.dll
Weave behaviours and messages took4 milliseconds
Find all reader and writers took 197 milliseconds
Script Module: Purchasing.Common.dll
Weave behaviours and messages took2 milliseconds
Find all reader and writers took 166 milliseconds
Script Module: UnityEngine.Purchasing.Codeless.dll
Weave behaviours and messages took12 milliseconds
Find all reader and writers took 170 milliseconds
Script Module: SimpleFileBrowser.Runtime.dll
Weave behaviours and messages took28 milliseconds
Find all reader and writers took 169 milliseconds
Script Module: UnityEngine.Purchasing.WinRTStub.dll
Weave behaviours and messages took0 milliseconds
Find all reader and writers took 166 milliseconds
Script Module: UnityEngine.Purchasing.AppleStub.dll
Weave behaviours and messages took4 milliseconds
Find all reader and writers took 185 milliseconds
Script Module: UnityEngine.Purchasing.AppleMacosStub.dll
Weave behaviours and messages took0 milliseconds
Find all reader and writers took 181 milliseconds
Script Module: UnityEngine.SpatialTracking.dll
Weave behaviours and messages took1 milliseconds
Find all reader and writers took 208 milliseconds
Script Module: Unity.Analytics.DataPrivacy.dll
Weave behaviours and messages took1 milliseconds
Find all reader and writers took 290 milliseconds
Script Module: UnityEditor.TestRunner.dll
Weave behaviours and messages took483 milliseconds
Find all reader and writers took 332 milliseconds
Script Module: UnityEditor.UI.dll
Weave behaviours and messages took24 milliseconds
Find all reader and writers took 254 milliseconds
Script Module: UnityEditor.Purchasing.dll
Weave behaviours and messages took28 milliseconds
Find all reader and writers took 251 milliseconds
Script Module: UnityEditor.XR.LegacyInputHelpers.dll
Weave behaviours and messages took3 milliseconds
Find all reader and writers took 602 milliseconds
Script Module: Mirror.CompilerSymbols.dll
Weave behaviours and messages took0 milliseconds
