Using pre-set license
Built from '2021.1/staging' branch; Version is '2021.1.14f1 (51d2f824827f) revision 5362424'; Using compiler version '192528614'; Build Type 'Release'
OS: 'Windows 10 Home Single Language; OS build 19043.1083; Version 2009; 64bit' Language: 'en' Physical Memory: 7068 MB
BatchMode: 1, IsHumanControllingUs: 0, StartBugReporterOnCrash: 0, Is64bit: 1, IsPro: 0

 COMMAND LINE ARGUMENTS:
C:\Program Files\Unity\Hub\Editor\2021.1.14f1\Editor\Unity.exe
-adb2
-batchMode
-noUpm
-name
AssetImportWorker5
-projectPath
C:/Users/mapan/Documents/GitHub/FilipiKnow-Its-Art
-logFile
Logs/AssetImportWorker5.log
-srvPort
61204
Successfully changed project path to: C:/Users/mapan/Documents/GitHub/FilipiKnow-Its-Art
C:/Users/mapan/Documents/GitHub/FilipiKnow-Its-Art
Using Asset Import Pipeline V2.
Refreshing native plugins compatible for Editor in 167.38 ms, found 2 plugins.
Preloading 0 native plugins for Editor in 0.00 ms.
Initialize engine version: 2021.1.14f1 (51d2f824827f)
[Subsystems] Discovering subsystems at path C:/Program Files/Unity/Hub/Editor/2021.1.14f1/Editor/Data/Resources/UnitySubsystems
[Subsystems] Discovering subsystems at path C:/Users/mapan/Documents/GitHub/FilipiKnow-Its-Art/Assets
GfxDevice: creating device client; threaded=0; jobified=0
Direct3D:
    Version:  Direct3D 11.0 [level 11.1]
    Renderer: Radeon 530 Series (ID=0x6900)
    Vendor:   ATI
    VRAM:     2038 MB
    Driver:   27.20.21003.8013
Initialize mono
Mono path[0] = 'C:/Program Files/Unity/Hub/Editor/2021.1.14f1/Editor/Data/Managed'
Mono path[1] = 'C:/Program Files/Unity/Hub/Editor/2021.1.14f1/Editor/Data/MonoBleedingEdge/lib/mono/unityjit'
Mono config path = 'C:/Program Files/Unity/Hub/Editor/2021.1.14f1/Editor/Data/MonoBleedingEdge/etc'
Using monoOptions --debugger-agent=transport=dt_socket,embedding=1,server=y,suspend=n,address=127.0.0.1:56592
Begin MonoManager ReloadAssembly
Registering precompiled unity dll's ...
Register platform support module: C:/Program Files/Unity/Hub/Editor/2021.1.14f1/Editor/Data/PlaybackEngines/WindowsStandaloneSupport/UnityEditor.WindowsStandalone.Extensions.dll
Registered in 0.004927 seconds.
Native extension for WindowsStandalone target not found
Refreshing native plugins compatible for Editor in 113.64 ms, found 2 plugins.
Preloading 0 native plugins for Editor in 0.00 ms.
Mono: successfully reloaded assembly
- Completed reload, in  5.093 seconds
Domain Reload Profiling:
	ReloadAssembly (5093ms)
		BeginReloadAssembly (106ms)
			ExecutionOrderSort (0ms)
			DisableScriptedObjects (0ms)
			BackupInstance (0ms)
			ReleaseScriptingObjects (0ms)
			CreateAndSetChildDomain (2ms)
		EndReloadAssembly (1036ms)
			LoadAssemblies (102ms)
			RebuildTransferFunctionScriptingTraits (0ms)
			SetupTypeCache (426ms)
			ReleaseScriptCaches (0ms)
			RebuildScriptCaches (59ms)
			SetupLoadedEditorAssemblies (435ms)
				LogAssemblyErrors (0ms)
				InitializePlatformSupportModulesInManaged (10ms)
				SetLoadedEditorAssemblies (0ms)
				RefreshPlugins (114ms)
				BeforeProcessingInitializeOnLoad (3ms)
				ProcessInitializeOnLoadAttributes (232ms)
				ProcessInitializeOnLoadMethodAttributes (76ms)
				AfterProcessingInitializeOnLoad (0ms)
				EditorAssembliesLoaded (0ms)
			ExecutionOrderSort2 (0ms)
			AwakeInstancesAfterBackupRestoration (0ms)
Platform modules already initialized, skipping
Registering precompiled user dll's ...
Registered in 0.015148 seconds.
Begin MonoManager ReloadAssembly
Native extension for WindowsStandalone target not found
Refreshing native plugins compatible for Editor in 1.86 ms, found 2 plugins.
Preloading 0 native plugins for Editor in 0.00 ms.
Find all reader and writers took 257 milliseconds
Script Module: UnityEngine.UI.dll
Weave behaviours and messages took220 milliseconds
Find all reader and writers took 184 milliseconds
Script Module: UnityEngine.TestRunner.dll
Weave behaviours and messages took51 milliseconds
Find all reader and writers took 178 milliseconds
Script Module: UnityEngine.XR.LegacyInputHelpers.dll
Weave behaviours and messages took16 milliseconds
Find all reader and writers took 200 milliseconds
Script Module: SimpleWebTransport.dll
Weave behaviours and messages took9 milliseconds
Find all reader and writers took 206 milliseconds
Script Module: Unity.Timeline.dll
Weave behaviours and messages took56 milliseconds
Find all reader and writers took 215 milliseconds
Script Module: UnityEngine.Purchasing.WinRTCore.dll
Weave behaviours and messages took0 milliseconds
Find all reader and writers took 218 milliseconds
Script Module: UnityEngine.Monetization.dll
Weave behaviours and messages took18 milliseconds
Find all reader and writers took 289 milliseconds
Script Module: UnityEngine.Purchasing.Stores.dll
Weave behaviours and messages took58 milliseconds
