Using pre-set license
Built from '2021.1/staging' branch; Version is '2021.1.14f1 (51d2f824827f) revision 5362424'; Using compiler version '192528614'; Build Type 'Release'
OS: 'Windows 10 Home Single Language; OS build 19043.1110; Version 2009; 64bit' Language: 'en' Physical Memory: 7068 MB
BatchMode: 1, IsHumanControllingUs: 0, StartBugReporterOnCrash: 0, Is64bit: 1, IsPro: 0

 COMMAND LINE ARGUMENTS:
C:\Program Files\Unity\Hub\Editor\2021.1.14f1\Editor\Unity.exe
-adb2
-batchMode
-noUpm
-name
AssetImportWorker15
-projectPath
C:/Users/mapan/Documents/GitHub/FilipiKnow-Its-Art
-logFile
Logs/AssetImportWorker15.log
-srvPort
60508
Successfully changed project path to: C:/Users/mapan/Documents/GitHub/FilipiKnow-Its-Art
C:/Users/mapan/Documents/GitHub/FilipiKnow-Its-Art
Using Asset Import Pipeline V2.
Refreshing native plugins compatible for Editor in 121.17 ms, found 3 plugins.
Preloading 0 native plugins for Editor in 0.00 ms.
Initialize engine version: 2021.1.14f1 (51d2f824827f)
[Subsystems] Discovering subsystems at path C:/Program Files/Unity/Hub/Editor/2021.1.14f1/Editor/Data/Resources/UnitySubsystems
[Subsystems] Discovering subsystems at path C:/Users/mapan/Documents/GitHub/FilipiKnow-Its-Art/Assets
GfxDevice: creating device client; threaded=0; jobified=0
Direct3D:
    Version:  Direct3D 11.0 [level 11.1]
    Renderer: Radeon 530 Series (ID=0x6900)
    Vendor:   ATI
    VRAM:     2038 MB
    Driver:   27.20.21003.8013
Initialize mono
Mono path[0] = 'C:/Program Files/Unity/Hub/Editor/2021.1.14f1/Editor/Data/Managed'
Mono path[1] = 'C:/Program Files/Unity/Hub/Editor/2021.1.14f1/Editor/Data/MonoBleedingEdge/lib/mono/unityjit'
Mono config path = 'C:/Program Files/Unity/Hub/Editor/2021.1.14f1/Editor/Data/MonoBleedingEdge/etc'
Using monoOptions --debugger-agent=transport=dt_socket,embedding=1,server=y,suspend=n,address=127.0.0.1:56508
Begin MonoManager ReloadAssembly
Registering precompiled unity dll's ...
Register platform support module: C:/Program Files/Unity/Hub/Editor/2021.1.14f1/Editor/Data/PlaybackEngines/WindowsStandaloneSupport/UnityEditor.WindowsStandalone.Extensions.dll
Registered in 0.003120 seconds.
Native extension for WindowsStandalone target not found
Refreshing native plugins compatible for Editor in 86.26 ms, found 3 plugins.
Preloading 0 native plugins for Editor in 0.00 ms.
Mono: successfully reloaded assembly
- Completed reload, in  4.040 seconds
Domain Reload Profiling:
	ReloadAssembly (4041ms)
		BeginReloadAssembly (90ms)
			ExecutionOrderSort (0ms)
			DisableScriptedObjects (0ms)
			BackupInstance (0ms)
			ReleaseScriptingObjects (0ms)
			CreateAndSetChildDomain (1ms)
		EndReloadAssembly (794ms)
			LoadAssemblies (86ms)
			RebuildTransferFunctionScriptingTraits (0ms)
			SetupTypeCache (293ms)
			ReleaseScriptCaches (0ms)
			RebuildScriptCaches (51ms)
			SetupLoadedEditorAssemblies (341ms)
				LogAssemblyErrors (0ms)
				InitializePlatformSupportModulesInManaged (9ms)
				SetLoadedEditorAssemblies (1ms)
				RefreshPlugins (86ms)
				BeforeProcessingInitializeOnLoad (2ms)
				ProcessInitializeOnLoadAttributes (189ms)
				ProcessInitializeOnLoadMethodAttributes (53ms)
				AfterProcessingInitializeOnLoad (0ms)
				EditorAssembliesLoaded (0ms)
			ExecutionOrderSort2 (0ms)
			AwakeInstancesAfterBackupRestoration (0ms)
Platform modules already initialized, skipping
Registering precompiled user dll's ...
Registered in 0.015275 seconds.
Begin MonoManager ReloadAssembly
Native extension for WindowsStandalone target not found
Refreshing native plugins compatible for Editor in 1.15 ms, found 3 plugins.
Preloading 0 native plugins for Editor in 0.00 ms.
Find all reader and writers took 252 milliseconds
Script Module: UnityEngine.UI.dll
Weave behaviours and messages took279 milliseconds
Find all reader and writers took 145 milliseconds
Script Module: UnityEngine.TestRunner.dll
Weave behaviours and messages took26 milliseconds
Find all reader and writers took 138 milliseconds
Script Module: UnityEngine.XR.LegacyInputHelpers.dll
Weave behaviours and messages took6 milliseconds
Find all reader and writers took 140 milliseconds
Script Module: SimpleWebTransport.dll
Weave behaviours and messages took5 milliseconds
Find all reader and writers took 128 milliseconds
Script Module: Unity.Timeline.dll
Weave behaviours and messages took34 milliseconds
Find all reader and writers took 121 milliseconds
Script Module: UnityEngine.Purchasing.WinRTCore.dll
Weave behaviours and messages took0 milliseconds
Find all reader and writers took 380 milliseconds
Script Module: UnityEngine.Monetization.dll
Weave behaviours and messages took10 milliseconds
Find all reader and writers took 133 milliseconds
Script Module: UnityEngine.Purchasing.Stores.dll
Weave behaviours and messages took31 milliseconds
Find all reader and writers took 126 milliseconds
Script Module: UnityEngine.Purchasing.SecurityCore.dll
Weave behaviours and messages took0 milliseconds
Find all reader and writers took 329 milliseconds
Script Module: Unity.TextMeshPro.dll
Weave behaviours and messages took104 milliseconds
Find all reader and writers took 113 milliseconds
Script Module: UnityEngine.Purchasing.AppleCore.dll
Weave behaviours and messages took0 milliseconds
Find all reader and writers took 161 milliseconds
Script Module: UnityEngine.Purchasing.dll
Weave behaviours and messages took16 milliseconds
Find all reader and writers took 153 milliseconds
Script Module: UnityEngine.Advertisements.dll
Weave behaviours and messages took12 milliseconds
Find all reader and writers took 133 milliseconds
Script Module: kcp2k.dll
Weave behaviours and messages took5 milliseconds
Find all reader and writers took 140 milliseconds
Script Module: Telepathy.dll
Weave behaviours and messages took11 milliseconds
Find all reader and writers took 153 milliseconds
Script Module: UnityEngine.Purchasing.SecurityStub.dll
Weave behaviours and messages took1 milliseconds
Find all reader and writers took 154 milliseconds
Script Module: Purchasing.Common.dll
Weave behaviours and messages took1 milliseconds
Find all reader and writers took 127 milliseconds
Script Module: UnityEngine.Purchasing.Codeless.dll
Weave behaviours and messages took3 milliseconds
Find all reader and writers took 140 milliseconds
Script Module: UnityEngine.Purchasing.WinRTStub.dll
Weave behaviours and messages took0 milliseconds
Find all reader and writers took 159 milliseconds
Script Module: UnityEngine.Purchasing.AppleStub.dll
Weave behaviours and messages took3 milliseconds
Find all reader and writers took 143 milliseconds
Script Module: UnityEngine.Purchasing.AppleMacosStub.dll
Weave behaviours and messages took1 milliseconds
Find all reader and writers took 127 milliseconds
Script Module: UnityEngine.SpatialTracking.dll
Weave behaviours and messages took2 milliseconds
Find all reader and writers took 152 milliseconds
Script Module: Unity.Analytics.DataPrivacy.dll
Weave behaviours and messages took0 milliseconds
Find all reader and writers took 255 milliseconds
Script Module: UnityEditor.TestRunner.dll
Weave behaviours and messages took40 milliseconds
Find all reader and writers took 172 milliseconds
Script Module: UnityEditor.UI.dll
Weave behaviours and messages took9 milliseconds
Find all reader and writers took 166 milliseconds
Script Module: UnityEditor.Purchasing.dll
Weave behaviours and messages took11 milliseconds
Find all reader and writers took 175 milliseconds
Script Module: UnityEditor.XR.LegacyInputHelpers.dll
Weave behaviours and messages took2 milliseconds
Find all reader and writers took 173 milliseconds
Script Module: Mirror.CompilerSymbols.dll
Weave behaviours and messages took0 milliseconds
Find all reader and writers took 182 milliseconds
Script Module: UnityEditor.SpatialTracking.dll
Weave behaviours and messages took0 milliseconds
Find all reader and writers took 150 milliseconds
Script Module: Analytics.dll
Weave behaviours and messages took0 milliseconds
Mono: successfully reloaded assembly
- Completed reload, in 17.657 seconds
Domain Reload Profiling:
	ReloadAssembly (17657ms)
		BeginReloadAssembly (361ms)
			ExecutionOrderSort (0ms)
			DisableScriptedObjects (9ms)
			BackupInstance (0ms)
			ReleaseScriptingObjects (0ms)
			CreateAndSetChildDomain (46ms)
		EndReloadAssembly (17098ms)
			LoadAssemblies (197ms)
			RebuildTransferFunctionScriptingTraits (0ms)
			SetupTypeCache (1019ms)
			ReleaseScriptCaches (1ms)
			RebuildScriptCaches (117ms)
			SetupLoadedEditorAssemblies (15539ms)
				LogAssemblyErrors (0ms)
				InitializePlatformSupportModulesInManaged (11ms)
				SetLoadedEditorAssemblies (1ms)
				RefreshPlugins (1ms)
				BeforeProcessingInitializeOnLoad (138ms)
				ProcessInitializeOnLoadAttributes (511ms)
				ProcessInitializeOnLoadMethodAttributes (14865ms)
				AfterProcessingInitializeOnLoad (12ms)
				EditorAssembliesLoaded (0ms)
			ExecutionOrderSort2 (0ms)
			AwakeInstancesAfterBackupRestoration (12ms)
Platform modules already initialized, skipping
========================================================================
Worker process is ready to serve import requests
Launched and connected shader compiler UnityShaderCompiler.exe after 0.49 seconds
Refreshing native plugins compatible for Editor in 1.13 ms, found 3 plugins.
Preloading 0 native plugins for Editor in 0.00 ms.
Unloading 2317 Unused Serialized files (Serialized files now loaded: 0)
System memory in use before: 94.0 MB.
System memory in use after: 94.2 MB.

Unloading 65 unused Assets to reduce memory usage. Loaded Objects now: 2729.
Total: 14.179800 ms (FindLiveObjects: 0.316400 ms CreateObjectMapping: 0.088500 ms MarkObjects: 13.637700 ms  DeleteObjects: 0.134600 ms)

AssetImportParameters requested are different than current active one (requested -> active):
  custom:framework-win-MediaFoundation: 216162199b28c13a410421893ffa2e32 -> 
  custom:video-decoder-ogg-theora: a1e56fd34408186e4bbccfd4996cb3dc -> 
  custom:container-muxer-webm: aa71ff27fc2769a1b78a27578f13a17b -> 
  custom:container-demuxer-webm: 4f35f7cbe854078d1ac9338744f61a02 -> 
  custom:container-demuxer-ogg: 62fdf1f143b41e24485cea50d1cbac27 -> 
  custom:video-encoder-webm-vp8: eb34c28f22e8b96e1ab97ce403110664 -> 
  custom:video-codec-MediaFoundation-h265: 746d11721c4dcdbdad8f713fa42b33f4 -> 
  custom:video-decoder-webm-vp8: 9c59270c3fd7afecdb556c50c9e8de78 -> 
  custom:audio-decoder-ogg-vorbis: bf7c407c2cedff20999df2af8eb42d56 -> 
  custom:audio-encoder-webm-vorbis: bf7c407c2cedff20999df2af8eb42d56 -> 
========================================================================
Received Import Request.
  path: Assets/Plugins
  artifactKey: Guid(d99c1c26dffff774e81b3fc16eb8bba3) Importer(815301076,1909f56bfc062723c751e8b465ee728b)
Start importing Assets/Plugins using Guid(d99c1c26dffff774e81b3fc16eb8bba3) Importer(815301076,1909f56bfc062723c751e8b465ee728b)  -> (artifact id: 'b56ee66f1f18cb0ba968d21d99510c7a') in 0.140613 seconds 
========================================================================
Received Import Request.
  Time since last request: 0.000419 seconds.
  path: Assets/Quiz Database/Matchart.csv
  artifactKey: Guid(ea816335803f66641a4bd9727ff702b8) Importer(815301076,1909f56bfc062723c751e8b465ee728b)
Start importing Assets/Quiz Database/Matchart.csv using Guid(ea816335803f66641a4bd9727ff702b8) Importer(815301076,1909f56bfc062723c751e8b465ee728b)  -> (artifact id: '951419e1643d4a8ed432d74a66428efd') in 0.353324 seconds 
========================================================================
Received Import Request.
  Time since last request: 0.000381 seconds.
  path: Assets/Scenes/AdminUtilities.unity
  artifactKey: Guid(7584eb58fa471904da5bb717110652fb) Importer(815301076,1909f56bfc062723c751e8b465ee728b)
Start importing Assets/Scenes/AdminUtilities.unity using Guid(7584eb58fa471904da5bb717110652fb) Importer(815301076,1909f56bfc062723c751e8b465ee728b)  -> (artifact id: 'e82ccebbf224a11ade8b3dd05323c632') in 0.249190 seconds 
========================================================================
Received Import Request.
  Time since last request: 0.000327 seconds.
  path: Assets/Scenes
  artifactKey: Guid(d93ab765fd7baf343901bfb206d46686) Importer(815301076,1909f56bfc062723c751e8b465ee728b)
Start importing Assets/Scenes using Guid(d93ab765fd7baf343901bfb206d46686) Importer(815301076,1909f56bfc062723c751e8b465ee728b)  -> (artifact id: '5353afbd97999a2a57ee3ac9c7386f8c') in 0.012474 seconds 
========================================================================
Received Import Request.
  Time since last request: 0.000348 seconds.
  path: Assets/UniScripts/QuizLoader.cs
  artifactKey: Guid(e493231054f45ca459d0b5970c2cf250) Importer(815301076,1909f56bfc062723c751e8b465ee728b)
Start importing Assets/UniScripts/QuizLoader.cs using Guid(e493231054f45ca459d0b5970c2cf250) Importer(815301076,1909f56bfc062723c751e8b465ee728b)  -> (artifact id: 'b37ab527cf001d019e9f021365e2b1d8') in 0.518098 seconds 
========================================================================
Received Import Request.
  Time since last request: 0.000309 seconds.
  path: Assets/UniScripts
  artifactKey: Guid(56db31b50e47a4247899dfe03cfc1ec5) Importer(815301076,1909f56bfc062723c751e8b465ee728b)
Start importing Assets/UniScripts using Guid(56db31b50e47a4247899dfe03cfc1ec5) Importer(815301076,1909f56bfc062723c751e8b465ee728b)  -> (artifact id: '5dc26bd84ac913ce97be3a369222e660') in 0.013703 seconds 
========================================================================
Received Prepare
Registering precompiled user dll's ...
Registered in 0.355324 seconds.
Begin MonoManager ReloadAssembly
Native extension for WindowsStandalone target not found
Refreshing native plugins compatible for Editor in 1.80 ms, found 3 plugins.
Preloading 0 native plugins for Editor in 0.00 ms.
Mono: successfully reloaded assembly
- Completed reload, in  1.976 seconds
Domain Reload Profiling:
	ReloadAssembly (1977ms)
		BeginReloadAssembly (248ms)
			ExecutionOrderSort (0ms)
			DisableScriptedObjects (18ms)
			BackupInstance (0ms)
			ReleaseScriptingObjects (0ms)
			CreateAndSetChildDomain (68ms)
		EndReloadAssembly (1620ms)
			LoadAssemblies (194ms)
			RebuildTransferFunctionScriptingTraits (0ms)
			SetupTypeCache (474ms)
			ReleaseScriptCaches (2ms)
			RebuildScriptCaches (88ms)
			SetupLoadedEditorAssemblies (604ms)
				LogAssemblyErrors (0ms)
				InitializePlatformSupportModulesInManaged (13ms)
				SetLoadedEditorAssemblies (1ms)
				RefreshPlugins (2ms)
				BeforeProcessingInitializeOnLoad (117ms)
				ProcessInitializeOnLoadAttributes (356ms)
				ProcessInitializeOnLoadMethodAttributes (101ms)
				AfterProcessingInitializeOnLoad (13ms)
				EditorAssembliesLoaded (0ms)
			ExecutionOrderSort2 (0ms)
			AwakeInstancesAfterBackupRestoration (12ms)
Platform modules already initialized, skipping
Switching build target platform(19) subTarget(0) extendedPlatform(0) -> platform(13) subTarget(589828) extendedPlatform(0)
Refreshing native plugins compatible for Editor in 1.16 ms, found 3 plugins.
Preloading 0 native plugins for Editor in 0.00 ms.
Unloading 2303 Unused Serialized files (Serialized files now loaded: 0)
System memory in use before: 92.8 MB.
System memory in use after: 93.1 MB.

Unloading 56 unused Assets to reduce memory usage. Loaded Objects now: 2731.
Total: 9.126800 ms (FindLiveObjects: 0.327400 ms CreateObjectMapping: 0.080500 ms MarkObjects: 8.670300 ms  DeleteObjects: 0.046400 ms)

AssetImportParameters requested are different than current active one (requested -> active):
  custom:framework-win-MediaFoundation: 216162199b28c13a410421893ffa2e32 -> 
  custom:video-decoder-ogg-theora: a1e56fd34408186e4bbccfd4996cb3dc -> 
  custom:container-muxer-webm: aa71ff27fc2769a1b78a27578f13a17b -> 
  custom:container-demuxer-webm: 4f35f7cbe854078d1ac9338744f61a02 -> 
  custom:container-demuxer-ogg: 62fdf1f143b41e24485cea50d1cbac27 -> 
  custom:video-encoder-webm-vp8: eb34c28f22e8b96e1ab97ce403110664 -> 
  custom:video-codec-MediaFoundation-h265: 746d11721c4dcdbdad8f713fa42b33f4 -> 
  custom:video-decoder-webm-vp8: 9c59270c3fd7afecdb556c50c9e8de78 -> 
  custom:graphics/normal-map-encoding: 01000000000000000000000000000000 -> 02000000000000000000000000000000
  custom:audio-decoder-ogg-vorbis: bf7c407c2cedff20999df2af8eb42d56 -> 
  custom:audio-encoder-webm-vorbis: bf7c407c2cedff20999df2af8eb42d56 -> 
========================================================================
Received Import Request.
  Time since last request: 405.077662 seconds.
  path: Assets/UniScripts/QuizLoader.cs
  artifactKey: Guid(e493231054f45ca459d0b5970c2cf250) Importer(815301076,1909f56bfc062723c751e8b465ee728b)
Start importing Assets/UniScripts/QuizLoader.cs using Guid(e493231054f45ca459d0b5970c2cf250) Importer(815301076,1909f56bfc062723c751e8b465ee728b)  -> (artifact id: '00000000000000000000000000000000') in 0.002217 seconds  code(4) message(Build asset version error: assets/uniscripts/quizloader.cs in SourceAssetDB has modification time of '2021-07-18T22:51:34Z' while content on disk has modification time of '2021-07-19T06:45:49.0636683Z')
  ERROR: Build asset version error: assets/uniscripts/quizloader.cs in SourceAssetDB has modification time of '2021-07-18T22:51:34Z' while content on disk has modification time of '2021-07-19T06:45:49.0636683Z'
========================================================================
Received Prepare
Registering precompiled user dll's ...
Registered in 0.013305 seconds.
Begin MonoManager ReloadAssembly
Native extension for WindowsStandalone target not found
Refreshing native plugins compatible for Editor in 1.15 ms, found 3 plugins.
Preloading 0 native plugins for Editor in 0.00 ms.
Mono: successfully reloaded assembly
- Completed reload, in  2.267 seconds
Domain Reload Profiling:
	ReloadAssembly (2267ms)
		BeginReloadAssembly (166ms)
			ExecutionOrderSort (0ms)
			DisableScriptedObjects (9ms)
			BackupInstance (0ms)
			ReleaseScriptingObjects (0ms)
			CreateAndSetChildDomain (58ms)
		EndReloadAssembly (1987ms)
			LoadAssemblies (151ms)
			RebuildTransferFunctionScriptingTraits (0ms)
			SetupTypeCache (507ms)
			ReleaseScriptCaches (2ms)
			RebuildScriptCaches (93ms)
			SetupLoadedEditorAssemblies (641ms)
				LogAssemblyErrors (0ms)
				InitializePlatformSupportModulesInManaged (10ms)
				SetLoadedEditorAssemblies (1ms)
				RefreshPlugins (1ms)
				BeforeProcessingInitializeOnLoad (104ms)
				ProcessInitializeOnLoadAttributes (415ms)
				ProcessInitializeOnLoadMethodAttributes (98ms)
				AfterProcessingInitializeOnLoad (11ms)
				EditorAssembliesLoaded (0ms)
			ExecutionOrderSort2 (0ms)
			AwakeInstancesAfterBackupRestoration (12ms)
Platform modules already initialized, skipping
Switching build target platform(19) subTarget(0) extendedPlatform(0) -> platform(13) subTarget(589828) extendedPlatform(0)
Refreshing native plugins compatible for Editor in 1.22 ms, found 3 plugins.
Preloading 0 native plugins for Editor in 0.00 ms.
Unloading 2303 Unused Serialized files (Serialized files now loaded: 0)
System memory in use before: 92.9 MB.
System memory in use after: 93.1 MB.

Unloading 56 unused Assets to reduce memory usage. Loaded Objects now: 2733.
Total: 9.718000 ms (FindLiveObjects: 0.302900 ms CreateObjectMapping: 0.071700 ms MarkObjects: 9.295100 ms  DeleteObjects: 0.046300 ms)

AssetImportParameters requested are different than current active one (requested -> active):
  custom:framework-win-MediaFoundation: 216162199b28c13a410421893ffa2e32 -> 
  custom:video-decoder-ogg-theora: a1e56fd34408186e4bbccfd4996cb3dc -> 
  custom:container-muxer-webm: aa71ff27fc2769a1b78a27578f13a17b -> 
  custom:container-demuxer-webm: 4f35f7cbe854078d1ac9338744f61a02 -> 
  custom:container-demuxer-ogg: 62fdf1f143b41e24485cea50d1cbac27 -> 
  custom:video-encoder-webm-vp8: eb34c28f22e8b96e1ab97ce403110664 -> 
  custom:video-codec-MediaFoundation-h265: 746d11721c4dcdbdad8f713fa42b33f4 -> 
  custom:video-decoder-webm-vp8: 9c59270c3fd7afecdb556c50c9e8de78 -> 
  custom:graphics/normal-map-encoding: 01000000000000000000000000000000 -> 02000000000000000000000000000000
  custom:audio-decoder-ogg-vorbis: bf7c407c2cedff20999df2af8eb42d56 -> 
  custom:audio-encoder-webm-vorbis: bf7c407c2cedff20999df2af8eb42d56 -> 
========================================================================
Received Import Request.
  Time since last request: 90.441084 seconds.
  path: Assets/UniScripts/QuizLoader.cs
  artifactKey: Guid(e493231054f45ca459d0b5970c2cf250) Importer(815301076,1909f56bfc062723c751e8b465ee728b)
Start importing Assets/UniScripts/QuizLoader.cs using Guid(e493231054f45ca459d0b5970c2cf250) Importer(815301076,1909f56bfc062723c751e8b465ee728b)  -> (artifact id: '4d1334e2711f785f5caa6a71e6e8561b') in 0.010371 seconds 
========================================================================
Received Prepare
Registering precompiled user dll's ...
Registered in 0.014578 seconds.
Begin MonoManager ReloadAssembly
Native extension for WindowsStandalone target not found
Refreshing native plugins compatible for Editor in 1.12 ms, found 3 plugins.
Preloading 0 native plugins for Editor in 0.00 ms.
Mono: successfully reloaded assembly
- Completed reload, in  1.894 seconds
Domain Reload Profiling:
	ReloadAssembly (1895ms)
		BeginReloadAssembly (196ms)
			ExecutionOrderSort (0ms)
			DisableScriptedObjects (11ms)
			BackupInstance (0ms)
			ReleaseScriptingObjects (0ms)
			CreateAndSetChildDomain (65ms)
		EndReloadAssembly (1583ms)
			LoadAssemblies (165ms)
			RebuildTransferFunctionScriptingTraits (0ms)
			SetupTypeCache (543ms)
			ReleaseScriptCaches (2ms)
			RebuildScriptCaches (92ms)
			SetupLoadedEditorAssemblies (563ms)
				LogAssemblyErrors (0ms)
				InitializePlatformSupportModulesInManaged (8ms)
				SetLoadedEditorAssemblies (1ms)
				RefreshPlugins (1ms)
				BeforeProcessingInitializeOnLoad (109ms)
				ProcessInitializeOnLoadAttributes (333ms)
				ProcessInitializeOnLoadMethodAttributes (97ms)
				AfterProcessingInitializeOnLoad (13ms)
				EditorAssembliesLoaded (0ms)
			ExecutionOrderSort2 (0ms)
			AwakeInstancesAfterBackupRestoration (13ms)
Platform modules already initialized, skipping
Switching build target platform(19) subTarget(0) extendedPlatform(0) -> platform(13) subTarget(589828) extendedPlatform(0)
Refreshing native plugins compatible for Editor in 1.34 ms, found 3 plugins.
Preloading 0 native plugins for Editor in 0.00 ms.
Unloading 2303 Unused Serialized files (Serialized files now loaded: 0)
System memory in use before: 92.9 MB.
System memory in use after: 93.1 MB.

Unloading 56 unused Assets to reduce memory usage. Loaded Objects now: 2735.
Total: 8.318800 ms (FindLiveObjects: 0.296300 ms CreateObjectMapping: 0.083300 ms MarkObjects: 7.886000 ms  DeleteObjects: 0.051100 ms)

AssetImportParameters requested are different than current active one (requested -> active):
  custom:framework-win-MediaFoundation: 216162199b28c13a410421893ffa2e32 -> 
  custom:video-decoder-ogg-theora: a1e56fd34408186e4bbccfd4996cb3dc -> 
  custom:container-muxer-webm: aa71ff27fc2769a1b78a27578f13a17b -> 
  custom:container-demuxer-webm: 4f35f7cbe854078d1ac9338744f61a02 -> 
  custom:container-demuxer-ogg: 62fdf1f143b41e24485cea50d1cbac27 -> 
  custom:video-encoder-webm-vp8: eb34c28f22e8b96e1ab97ce403110664 -> 
  custom:video-codec-MediaFoundation-h265: 746d11721c4dcdbdad8f713fa42b33f4 -> 
  custom:video-decoder-webm-vp8: 9c59270c3fd7afecdb556c50c9e8de78 -> 
  custom:graphics/normal-map-encoding: 01000000000000000000000000000000 -> 02000000000000000000000000000000
  custom:audio-decoder-ogg-vorbis: bf7c407c2cedff20999df2af8eb42d56 -> 
  custom:audio-encoder-webm-vorbis: bf7c407c2cedff20999df2af8eb42d56 -> 
========================================================================
Received Import Request.
  Time since last request: 88.498306 seconds.
  path: Assets/UniScripts/QuizLoader.cs
  artifactKey: Guid(e493231054f45ca459d0b5970c2cf250) Importer(815301076,1909f56bfc062723c751e8b465ee728b)
Start importing Assets/UniScripts/QuizLoader.cs using Guid(e493231054f45ca459d0b5970c2cf250) Importer(815301076,1909f56bfc062723c751e8b465ee728b)  -> (artifact id: 'b66e3bcb09e6469142b052d47408573c') in 0.009886 seconds 
========================================================================
Received Import Request.
  Time since last request: 5.023605 seconds.
  path: Assets/Quiz Database/Quiz Database
  artifactKey: Guid(95459a41395f7ff498a56122f0b4c3e4) Importer(815301076,1909f56bfc062723c751e8b465ee728b)
Start importing Assets/Quiz Database/Quiz Database using Guid(95459a41395f7ff498a56122f0b4c3e4) Importer(815301076,1909f56bfc062723c751e8b465ee728b)  -> (artifact id: '05e53596c6394941f26b1f5bde57b28a') in 0.012726 seconds 
========================================================================
Received Import Request.
  Time since last request: 5.807186 seconds.
  path: Assets/Quiz Database/Classicart.csv
  artifactKey: Guid(196880c8a788a9a40b988449107c581c) Importer(815301076,1909f56bfc062723c751e8b465ee728b)
Start importing Assets/Quiz Database/Classicart.csv using Guid(196880c8a788a9a40b988449107c581c) Importer(815301076,1909f56bfc062723c751e8b465ee728b)  -> (artifact id: '337c80821eb2abb1d98379ca38266c40') in 0.040903 seconds 
========================================================================
Received Import Request.
  Time since last request: 1.215777 seconds.
  path: Assets/Quiz Database/Grabart.csv
  artifactKey: Guid(83f7d2fd6a684ea49bd42e23598682e3) Importer(815301076,1909f56bfc062723c751e8b465ee728b)
Start importing Assets/Quiz Database/Grabart.csv using Guid(83f7d2fd6a684ea49bd42e23598682e3) Importer(815301076,1909f56bfc062723c751e8b465ee728b)  -> (artifact id: '9c791bf54c5e164535b6064a54806a87') in 0.014651 seconds 
========================================================================
Received Import Request.
  Time since last request: 3.707934 seconds.
  path: Assets/Quiz Database/Nameart.csv
  artifactKey: Guid(6fcc4ecbcce5f2b41b55312a6caf678b) Importer(815301076,1909f56bfc062723c751e8b465ee728b)
Start importing Assets/Quiz Database/Nameart.csv using Guid(6fcc4ecbcce5f2b41b55312a6caf678b) Importer(815301076,1909f56bfc062723c751e8b465ee728b)  -> (artifact id: '2728052064b09310fd6ff34073709f28') in 0.636401 seconds 
========================================================================
Received Import Request.
  Time since last request: 0.000346 seconds.
  path: Assets/Quiz Database/TicTacToe.csv
  artifactKey: Guid(aabc0c6d306d4344882ab40ce3e217ad) Importer(815301076,1909f56bfc062723c751e8b465ee728b)
Start importing Assets/Quiz Database/TicTacToe.csv using Guid(aabc0c6d306d4344882ab40ce3e217ad) Importer(815301076,1909f56bfc062723c751e8b465ee728b)  -> (artifact id: '1d9349245f611b1b5939f755849ba5e5') in 0.057875 seconds 
========================================================================
Received Import Request.
  Time since last request: 9.851786 seconds.
  path: Assets/Quiz Database/Quiz Database/Classicart.csv
  artifactKey: Guid(fa5e274a536cd4a4a8dc1d55d6f49b97) Importer(815301076,1909f56bfc062723c751e8b465ee728b)
Start importing Assets/Quiz Database/Quiz Database/Classicart.csv using Guid(fa5e274a536cd4a4a8dc1d55d6f49b97) Importer(815301076,1909f56bfc062723c751e8b465ee728b)  -> (artifact id: '9d304ff878424a0aa0d38f93a5b6f4a6') in 0.007228 seconds 
========================================================================
Received Import Request.
  Time since last request: 15.083718 seconds.
  path: Assets/UniScripts/AdminUtilities/Class_Matchart.cs
  artifactKey: Guid(550d06156ad856b40bfa206de656349b) Importer(815301076,1909f56bfc062723c751e8b465ee728b)
Start importing Assets/UniScripts/AdminUtilities/Class_Matchart.cs using Guid(550d06156ad856b40bfa206de656349b) Importer(815301076,1909f56bfc062723c751e8b465ee728b)  -> (artifact id: 'ff8612c4c47b669093e0146bdd08cab8') in 0.019370 seconds 
========================================================================
Received Prepare
Registering precompiled user dll's ...
Registered in 0.013550 seconds.
Begin MonoManager ReloadAssembly
Native extension for WindowsStandalone target not found
Refreshing native plugins compatible for Editor in 1.04 ms, found 3 plugins.
Preloading 0 native plugins for Editor in 0.00 ms.
Mono: successfully reloaded assembly
- Completed reload, in  1.971 seconds
Domain Reload Profiling:
	ReloadAssembly (1972ms)
		BeginReloadAssembly (187ms)
			ExecutionOrderSort (0ms)
			DisableScriptedObjects (10ms)
			BackupInstance (0ms)
			ReleaseScriptingObjects (0ms)
			CreateAndSetChildDomain (67ms)
		EndReloadAssembly (1676ms)
			LoadAssemblies (190ms)
			RebuildTransferFunctionScriptingTraits (0ms)
			SetupTypeCache (599ms)
			ReleaseScriptCaches (2ms)
			RebuildScriptCaches (91ms)
			SetupLoadedEditorAssemblies (560ms)
				LogAssemblyErrors (0ms)
				InitializePlatformSupportModulesInManaged (7ms)
				SetLoadedEditorAssemblies (1ms)
				RefreshPlugins (1ms)
				BeforeProcessingInitializeOnLoad (113ms)
				ProcessInitializeOnLoadAttributes (336ms)
				ProcessInitializeOnLoadMethodAttributes (92ms)
				AfterProcessingInitializeOnLoad (10ms)
				EditorAssembliesLoaded (0ms)
			ExecutionOrderSort2 (0ms)
			AwakeInstancesAfterBackupRestoration (11ms)
Platform modules already initialized, skipping
Switching build target platform(19) subTarget(0) extendedPlatform(0) -> platform(13) subTarget(589828) extendedPlatform(0)
Refreshing native plugins compatible for Editor in 1.03 ms, found 3 plugins.
Preloading 0 native plugins for Editor in 0.00 ms.
Unloading 2303 Unused Serialized files (Serialized files now loaded: 0)
System memory in use before: 92.9 MB.
System memory in use after: 93.1 MB.

Unloading 56 unused Assets to reduce memory usage. Loaded Objects now: 2737.
Total: 7.907000 ms (FindLiveObjects: 0.287100 ms CreateObjectMapping: 0.087400 ms MarkObjects: 7.488600 ms  DeleteObjects: 0.042000 ms)

AssetImportParameters requested are different than current active one (requested -> active):
  custom:framework-win-MediaFoundation: 216162199b28c13a410421893ffa2e32 -> 
  custom:video-decoder-ogg-theora: a1e56fd34408186e4bbccfd4996cb3dc -> 
  custom:container-muxer-webm: aa71ff27fc2769a1b78a27578f13a17b -> 
  custom:container-demuxer-webm: 4f35f7cbe854078d1ac9338744f61a02 -> 
  custom:container-demuxer-ogg: 62fdf1f143b41e24485cea50d1cbac27 -> 
  custom:video-encoder-webm-vp8: eb34c28f22e8b96e1ab97ce403110664 -> 
  custom:video-codec-MediaFoundation-h265: 746d11721c4dcdbdad8f713fa42b33f4 -> 
  custom:video-decoder-webm-vp8: 9c59270c3fd7afecdb556c50c9e8de78 -> 
  custom:graphics/normal-map-encoding: 01000000000000000000000000000000 -> 02000000000000000000000000000000
  custom:audio-decoder-ogg-vorbis: bf7c407c2cedff20999df2af8eb42d56 -> 
  custom:audio-encoder-webm-vorbis: bf7c407c2cedff20999df2af8eb42d56 -> 
========================================================================
Received Import Request.
  Time since last request: 37.846967 seconds.
  path: Assets/UniScripts/AdminUtilities/Class_TicTacToe.cs
  artifactKey: Guid(bc8c2224ee7fdf643adc81d9cff77f96) Importer(815301076,1909f56bfc062723c751e8b465ee728b)
Start importing Assets/UniScripts/AdminUtilities/Class_TicTacToe.cs using Guid(bc8c2224ee7fdf643adc81d9cff77f96) Importer(815301076,1909f56bfc062723c751e8b465ee728b)  -> (artifact id: 'e0d5192c67ac1faf73f0e9380aa270fc') in 0.016585 seconds 
========================================================================
Received Import Request.
  Time since last request: 0.000367 seconds.
  path: Assets/UniScripts/AdminUtilities/Class_Matchart.cs
  artifactKey: Guid(550d06156ad856b40bfa206de656349b) Importer(815301076,1909f56bfc062723c751e8b465ee728b)
Start importing Assets/UniScripts/AdminUtilities/Class_Matchart.cs using Guid(550d06156ad856b40bfa206de656349b) Importer(815301076,1909f56bfc062723c751e8b465ee728b)  -> (artifact id: '45cffc6c12b990fafda84915be35907b') in 0.004308 seconds 
========================================================================
Received Import Request.
  Time since last request: 0.000380 seconds.
  path: Assets/UniScripts/AdminUtilities/Class_Nameart.cs
  artifactKey: Guid(d84d78d5f9699cd4a8fa2e9e2bedea42) Importer(815301076,1909f56bfc062723c751e8b465ee728b)
Start importing Assets/UniScripts/AdminUtilities/Class_Nameart.cs using Guid(d84d78d5f9699cd4a8fa2e9e2bedea42) Importer(815301076,1909f56bfc062723c751e8b465ee728b)  -> (artifact id: 'a9439c1d298c10526e4351d90e6c2a91') in 0.013579 seconds 
========================================================================
Received Import Request.
  Time since last request: 0.807815 seconds.
  path: Assets/UniScripts/AdminUtilities/Class_Switchart.cs
  artifactKey: Guid(b66e5b1ee200b874c9788cd2706cee99) Importer(815301076,1909f56bfc062723c751e8b465ee728b)
Start importing Assets/UniScripts/AdminUtilities/Class_Switchart.cs using Guid(b66e5b1ee200b874c9788cd2706cee99) Importer(815301076,1909f56bfc062723c751e8b465ee728b)  -> (artifact id: '09d692f43576d1aa0fc158b10b0f8845') in 0.148069 seconds 
========================================================================
Received Import Request.
  Time since last request: 3.064772 seconds.
  path: Assets/UniScripts/AdminUtilities/Class_Maze.cs
  artifactKey: Guid(da1f5ab646ef1bb4bb41ea93ca9767b0) Importer(815301076,1909f56bfc062723c751e8b465ee728b)
Start importing Assets/UniScripts/AdminUtilities/Class_Maze.cs using Guid(da1f5ab646ef1bb4bb41ea93ca9767b0) Importer(815301076,1909f56bfc062723c751e8b465ee728b)  -> (artifact id: '833c2fbe13514d3b67f3979d726db4b6') in 0.013238 seconds 
========================================================================
Received Import Request.
  Time since last request: 4.142193 seconds.
  path: Assets/UniScripts/AdminUtilities/Class_Grabart.cs
  artifactKey: Guid(55de087fba6a0654f827f73d120d40fd) Importer(815301076,1909f56bfc062723c751e8b465ee728b)
Start importing Assets/UniScripts/AdminUtilities/Class_Grabart.cs using Guid(55de087fba6a0654f827f73d120d40fd) Importer(815301076,1909f56bfc062723c751e8b465ee728b)  -> (artifact id: 'f24ed1cb0da2600696d1afeb239f888e') in 0.015601 seconds 
========================================================================
Received Import Request.
  Time since last request: 2.495834 seconds.
  path: Assets/UniScripts/AdminUtilities/Class_Classifyart.cs
  artifactKey: Guid(0f446b8dcec90bc4f91e0ef0c5c5f393) Importer(815301076,1909f56bfc062723c751e8b465ee728b)
Start importing Assets/UniScripts/AdminUtilities/Class_Classifyart.cs using Guid(0f446b8dcec90bc4f91e0ef0c5c5f393) Importer(815301076,1909f56bfc062723c751e8b465ee728b)  -> (artifact id: 'a9ef67afb01833841fbbe3c837ffb652') in 0.031352 seconds 
========================================================================
Received Import Request.
  Time since last request: 0.836573 seconds.
  path: Assets/UniScripts/AdminUtilities/Class_Classicart.cs
  artifactKey: Guid(acd77492a2374814b954dc98e17ef391) Importer(815301076,1909f56bfc062723c751e8b465ee728b)
Start importing Assets/UniScripts/AdminUtilities/Class_Classicart.cs using Guid(acd77492a2374814b954dc98e17ef391) Importer(815301076,1909f56bfc062723c751e8b465ee728b)  -> (artifact id: '30fb6c88089a68b81dd995df1348825e') in 0.037187 seconds 
========================================================================
Received Prepare
Registering precompiled user dll's ...
Registered in 0.016690 seconds.
Begin MonoManager ReloadAssembly
Native extension for WindowsStandalone target not found
Refreshing native plugins compatible for Editor in 1.49 ms, found 3 plugins.
Preloading 0 native plugins for Editor in 0.00 ms.
Mono: successfully reloaded assembly
- Completed reload, in  2.725 seconds
Domain Reload Profiling:
	ReloadAssembly (2726ms)
		BeginReloadAssembly (274ms)
			ExecutionOrderSort (0ms)
			DisableScriptedObjects (16ms)
			BackupInstance (0ms)
			ReleaseScriptingObjects (0ms)
			CreateAndSetChildDomain (83ms)
		EndReloadAssembly (2284ms)
			LoadAssemblies (236ms)
			RebuildTransferFunctionScriptingTraits (0ms)
			SetupTypeCache (751ms)
			ReleaseScriptCaches (3ms)
			RebuildScriptCaches (133ms)
			SetupLoadedEditorAssemblies (845ms)
				LogAssemblyErrors (0ms)
				InitializePlatformSupportModulesInManaged (10ms)
				SetLoadedEditorAssemblies (1ms)
				RefreshPlugins (2ms)
				BeforeProcessingInitializeOnLoad (139ms)
				ProcessInitializeOnLoadAttributes (524ms)
				ProcessInitializeOnLoadMethodAttributes (154ms)
				AfterProcessingInitializeOnLoad (14ms)
				EditorAssembliesLoaded (0ms)
			ExecutionOrderSort2 (0ms)
			AwakeInstancesAfterBackupRestoration (17ms)
Platform modules already initialized, skipping
Switching build target platform(19) subTarget(0) extendedPlatform(0) -> platform(13) subTarget(589828) extendedPlatform(0)
Refreshing native plugins compatible for Editor in 1.43 ms, found 3 plugins.
Preloading 0 native plugins for Editor in 0.00 ms.
Unloading 2303 Unused Serialized files (Serialized files now loaded: 0)
System memory in use before: 92.8 MB.
System memory in use after: 93.1 MB.

Unloading 56 unused Assets to reduce memory usage. Loaded Objects now: 2739.
Total: 12.029800 ms (FindLiveObjects: 0.462800 ms CreateObjectMapping: 0.246600 ms MarkObjects: 11.258400 ms  DeleteObjects: 0.059100 ms)

AssetImportParameters requested are different than current active one (requested -> active):
  custom:framework-win-MediaFoundation: 216162199b28c13a410421893ffa2e32 -> 
  custom:video-decoder-ogg-theora: a1e56fd34408186e4bbccfd4996cb3dc -> 
  custom:container-muxer-webm: aa71ff27fc2769a1b78a27578f13a17b -> 
  custom:container-demuxer-webm: 4f35f7cbe854078d1ac9338744f61a02 -> 
  custom:container-demuxer-ogg: 62fdf1f143b41e24485cea50d1cbac27 -> 
  custom:video-encoder-webm-vp8: eb34c28f22e8b96e1ab97ce403110664 -> 
  custom:video-codec-MediaFoundation-h265: 746d11721c4dcdbdad8f713fa42b33f4 -> 
  custom:video-decoder-webm-vp8: 9c59270c3fd7afecdb556c50c9e8de78 -> 
  custom:graphics/normal-map-encoding: 01000000000000000000000000000000 -> 02000000000000000000000000000000
  custom:audio-decoder-ogg-vorbis: bf7c407c2cedff20999df2af8eb42d56 -> 
  custom:audio-encoder-webm-vorbis: bf7c407c2cedff20999df2af8eb42d56 -> 
========================================================================
Received Import Request.
  Time since last request: 151.130559 seconds.
  path: Assets/Quiz Database/Classicart.csv
  artifactKey: Guid(196880c8a788a9a40b988449107c581c) Importer(815301076,1909f56bfc062723c751e8b465ee728b)
Start importing Assets/Quiz Database/Classicart.csv using Guid(196880c8a788a9a40b988449107c581c) Importer(815301076,1909f56bfc062723c751e8b465ee728b)  -> (artifact id: 'c08418e6ac8ed8cf126805b89288fc0c') in 0.031175 seconds 
AssetImportWorkerClient::OnTransportError - code=2 error=End of file
