Using pre-set license
Built from '2021.1/staging' branch; Version is '2021.1.14f1 (51d2f824827f) revision 5362424'; Using compiler version '192528614'; Build Type 'Release'
OS: 'Windows 10 Home Single Language; OS build 19043.1110; Version 2009; 64bit' Language: 'en' Physical Memory: 7068 MB
BatchMode: 1, IsHumanControllingUs: 0, StartBugReporterOnCrash: 0, Is64bit: 1, IsPro: 0

 COMMAND LINE ARGUMENTS:
C:\Program Files\Unity\Hub\Editor\2021.1.14f1\Editor\Unity.exe
-adb2
-batchMode
-noUpm
-name
AssetImportWorker8
-projectPath
C:/Users/mapan/Documents/GitHub/FilipiKnow-Its-Art
-logFile
Logs/AssetImportWorker8.log
-srvPort
58881
Successfully changed project path to: C:/Users/mapan/Documents/GitHub/FilipiKnow-Its-Art
C:/Users/mapan/Documents/GitHub/FilipiKnow-Its-Art
Using Asset Import Pipeline V2.
Refreshing native plugins compatible for Editor in 184.43 ms, found 3 plugins.
Preloading 0 native plugins for Editor in 0.00 ms.
Initialize engine version: 2021.1.14f1 (51d2f824827f)
[Subsystems] Discovering subsystems at path C:/Program Files/Unity/Hub/Editor/2021.1.14f1/Editor/Data/Resources/UnitySubsystems
[Subsystems] Discovering subsystems at path C:/Users/mapan/Documents/GitHub/FilipiKnow-Its-Art/Assets
GfxDevice: creating device client; threaded=0; jobified=0
Direct3D:
    Version:  Direct3D 11.0 [level 11.1]
    Renderer: Radeon 530 Series (ID=0x6900)
    Vendor:   ATI
    VRAM:     2038 MB
    Driver:   27.20.21003.8013
Initialize mono
Mono path[0] = 'C:/Program Files/Unity/Hub/Editor/2021.1.14f1/Editor/Data/Managed'
Mono path[1] = 'C:/Program Files/Unity/Hub/Editor/2021.1.14f1/Editor/Data/MonoBleedingEdge/lib/mono/unityjit'
Mono config path = 'C:/Program Files/Unity/Hub/Editor/2021.1.14f1/Editor/Data/MonoBleedingEdge/etc'
Using monoOptions --debugger-agent=transport=dt_socket,embedding=1,server=y,suspend=n,address=127.0.0.1:56596
Begin MonoManager ReloadAssembly
Registering precompiled unity dll's ...
Register platform support module: C:/Program Files/Unity/Hub/Editor/2021.1.14f1/Editor/Data/PlaybackEngines/WindowsStandaloneSupport/UnityEditor.WindowsStandalone.Extensions.dll
Registered in 0.003186 seconds.
Native extension for WindowsStandalone target not found
Refreshing native plugins compatible for Editor in 98.27 ms, found 3 plugins.
Preloading 0 native plugins for Editor in 0.00 ms.
Mono: successfully reloaded assembly
- Completed reload, in  5.308 seconds
Domain Reload Profiling:
	ReloadAssembly (5309ms)
		BeginReloadAssembly (114ms)
			ExecutionOrderSort (0ms)
			DisableScriptedObjects (0ms)
			BackupInstance (0ms)
			ReleaseScriptingObjects (0ms)
			CreateAndSetChildDomain (2ms)
		EndReloadAssembly (829ms)
			LoadAssemblies (109ms)
			RebuildTransferFunctionScriptingTraits (0ms)
			SetupTypeCache (304ms)
			ReleaseScriptCaches (0ms)
			RebuildScriptCaches (54ms)
			SetupLoadedEditorAssemblies (373ms)
				LogAssemblyErrors (0ms)
				InitializePlatformSupportModulesInManaged (13ms)
				SetLoadedEditorAssemblies (0ms)
				RefreshPlugins (98ms)
				BeforeProcessingInitializeOnLoad (3ms)
				ProcessInitializeOnLoadAttributes (202ms)
				ProcessInitializeOnLoadMethodAttributes (55ms)
				AfterProcessingInitializeOnLoad (0ms)
				EditorAssembliesLoaded (0ms)
			ExecutionOrderSort2 (0ms)
			AwakeInstancesAfterBackupRestoration (0ms)
Platform modules already initialized, skipping
Registering precompiled user dll's ...
Registered in 0.014534 seconds.
Begin MonoManager ReloadAssembly
Native extension for WindowsStandalone target not found
Refreshing native plugins compatible for Editor in 1.22 ms, found 3 plugins.
Preloading 0 native plugins for Editor in 0.00 ms.
Find all reader and writers took 211 milliseconds
Script Module: UnityEngine.UI.dll
Weave behaviours and messages took154 milliseconds
Find all reader and writers took 173 milliseconds
Script Module: UnityEngine.TestRunner.dll
Weave behaviours and messages took32 milliseconds
Find all reader and writers took 153 milliseconds
Script Module: UnityEngine.XR.LegacyInputHelpers.dll
Weave behaviours and messages took3 milliseconds
Find all reader and writers took 164 milliseconds
Script Module: SimpleWebTransport.dll
Weave behaviours and messages took17 milliseconds
Find all reader and writers took 187 milliseconds
Script Module: PlayFab.dll
Weave behaviours and messages took170 milliseconds
Find all reader and writers took 145 milliseconds
Script Module: Unity.Timeline.dll
Weave behaviours and messages took66 milliseconds
Find all reader and writers took 163 milliseconds
Script Module: UnityEngine.Purchasing.WinRTCore.dll
Weave behaviours and messages took0 milliseconds
Find all reader and writers took 170 milliseconds
Script Module: UnityEngine.Monetization.dll
Weave behaviours and messages took23 milliseconds
Find all reader and writers took 186 milliseconds
Script Module: UnityEngine.Purchasing.Stores.dll
Weave behaviours and messages took62 milliseconds
Find all reader and writers took 175 milliseconds
Script Module: Elringus.UnityGoogleDrive.Runtime.dll
Weave behaviours and messages took49 milliseconds
Find all reader and writers took 167 milliseconds
Script Module: UnityEngine.Purchasing.SecurityCore.dll
Weave behaviours and messages took0 milliseconds
Find all reader and writers took 198 milliseconds
Script Module: Unity.TextMeshPro.dll
Weave behaviours and messages took133 milliseconds
Find all reader and writers took 149 milliseconds
Script Module: UnityEngine.Purchasing.AppleCore.dll
Weave behaviours and messages took0 milliseconds
Find all reader and writers took 153 milliseconds
Script Module: UnityEngine.Purchasing.dll
Weave behaviours and messages took17 milliseconds
Find all reader and writers took 192 milliseconds
Script Module: UnityEngine.Advertisements.dll
Weave behaviours and messages took31 milliseconds
Find all reader and writers took 307 milliseconds
Script Module: kcp2k.dll
Weave behaviours and messages took10 milliseconds
Find all reader and writers took 167 milliseconds
Script Module: Telepathy.dll
Weave behaviours and messages took4 milliseconds
Find all reader and writers took 158 milliseconds
Script Module: UnityEngine.Purchasing.SecurityStub.dll
Weave behaviours and messages took0 milliseconds
Find all reader and writers took 155 milliseconds
Script Module: Purchasing.Common.dll
Weave behaviours and messages took2 milliseconds
Find all reader and writers took 182 milliseconds
Script Module: UnityEngine.Purchasing.Codeless.dll
Weave behaviours and messages took4 milliseconds
Find all reader and writers took 178 milliseconds
Script Module: SimpleFileBrowser.Runtime.dll
Weave behaviours and messages took18 milliseconds
Find all reader and writers took 180 milliseconds
Script Module: UnityEngine.Purchasing.WinRTStub.dll
Weave behaviours and messages took0 milliseconds
Find all reader and writers took 178 milliseconds
Script Module: UnityEngine.Purchasing.AppleStub.dll
Weave behaviours and messages took0 milliseconds
Find all reader and writers took 175 milliseconds
Script Module: UnityEngine.Purchasing.AppleMacosStub.dll
Weave behaviours and messages took0 milliseconds
Find all reader and writers took 166 milliseconds
Script Module: UnityEngine.SpatialTracking.dll
Weave behaviours and messages took1 milliseconds
Find all reader and writers took 169 milliseconds
Script Module: Unity.Analytics.DataPrivacy.dll
Weave behaviours and messages took0 milliseconds
Find all reader and writers took 165 milliseconds
Script Module: Assembly-CSharp-firstpass.dll
Weave behaviours and messages took0 milliseconds
Find all reader and writers took 216 milliseconds
Script Module: UnityEditor.TestRunner.dll
Weave behaviours and messages took60 milliseconds
Find all reader and writers took 226 milliseconds
Script Module: UnityEditor.UI.dll
Weave behaviours and messages took24 milliseconds
Find all reader and writers took 231 milliseconds
Script Module: PlayFabEditorExtensions.dll
Weave behaviours and messages took28 milliseconds
Find all reader and writers took 254 milliseconds
Script Module: UnityEditor.Purchasing.dll
Weave behaviours and messages took13 milliseconds
Find all reader and writers took 215 milliseconds
Script Module: UnityEditor.XR.LegacyInputHelpers.dll
Weave behaviours and messages took1 milliseconds
