Using pre-set license
Built from '2021.1/staging' branch; Version is '2021.1.14f1 (51d2f824827f) revision 5362424'; Using compiler version '192528614'; Build Type 'Release'
OS: 'Windows 10 Home Single Language; OS build 19043.1110; Version 2009; 64bit' Language: 'en' Physical Memory: 7068 MB
BatchMode: 1, IsHumanControllingUs: 0, StartBugReporterOnCrash: 0, Is64bit: 1, IsPro: 0

 COMMAND LINE ARGUMENTS:
C:\Program Files\Unity\Hub\Editor\2021.1.14f1\Editor\Unity.exe
-adb2
-batchMode
-noUpm
-name
AssetImportWorker1
-projectPath
C:/Users/mapan/Documents/GitHub/FilipiKnow-Its-Art
-logFile
Logs/AssetImportWorker1.log
-srvPort
64835
Successfully changed project path to: C:/Users/mapan/Documents/GitHub/FilipiKnow-Its-Art
C:/Users/mapan/Documents/GitHub/FilipiKnow-Its-Art
Using Asset Import Pipeline V2.
Refreshing native plugins compatible for Editor in 93.86 ms, found 2 plugins.
Preloading 0 native plugins for Editor in 0.00 ms.
Initialize engine version: 2021.1.14f1 (51d2f824827f)
[Subsystems] Discovering subsystems at path C:/Program Files/Unity/Hub/Editor/2021.1.14f1/Editor/Data/Resources/UnitySubsystems
[Subsystems] Discovering subsystems at path C:/Users/mapan/Documents/GitHub/FilipiKnow-Its-Art/Assets
GfxDevice: creating device client; threaded=0; jobified=0
Direct3D:
    Version:  Direct3D 11.0 [level 11.1]
    Renderer: Radeon 530 Series (ID=0x6900)
    Vendor:   ATI
    VRAM:     2038 MB
    Driver:   27.20.21003.8013
Initialize mono
Mono path[0] = 'C:/Program Files/Unity/Hub/Editor/2021.1.14f1/Editor/Data/Managed'
Mono path[1] = 'C:/Program Files/Unity/Hub/Editor/2021.1.14f1/Editor/Data/MonoBleedingEdge/lib/mono/unityjit'
Mono config path = 'C:/Program Files/Unity/Hub/Editor/2021.1.14f1/Editor/Data/MonoBleedingEdge/etc'
Using monoOptions --debugger-agent=transport=dt_socket,embedding=1,server=y,suspend=n,address=127.0.0.1:56052
Begin MonoManager ReloadAssembly
Registering precompiled unity dll's ...
Register platform support module: C:/Program Files/Unity/Hub/Editor/2021.1.14f1/Editor/Data/PlaybackEngines/WindowsStandaloneSupport/UnityEditor.WindowsStandalone.Extensions.dll
Registered in 0.002814 seconds.
Native extension for WindowsStandalone target not found
Refreshing native plugins compatible for Editor in 72.62 ms, found 2 plugins.
Preloading 0 native plugins for Editor in 0.00 ms.
Mono: successfully reloaded assembly
- Completed reload, in  2.737 seconds
Domain Reload Profiling:
	ReloadAssembly (2738ms)
		BeginReloadAssembly (80ms)
			ExecutionOrderSort (0ms)
			DisableScriptedObjects (0ms)
			BackupInstance (0ms)
			ReleaseScriptingObjects (0ms)
			CreateAndSetChildDomain (1ms)
		EndReloadAssembly (721ms)
			LoadAssemblies (77ms)
			RebuildTransferFunctionScriptingTraits (0ms)
			SetupTypeCache (289ms)
			ReleaseScriptCaches (0ms)
			RebuildScriptCaches (63ms)
			SetupLoadedEditorAssemblies (277ms)
				LogAssemblyErrors (0ms)
				InitializePlatformSupportModulesInManaged (9ms)
				SetLoadedEditorAssemblies (0ms)
				RefreshPlugins (73ms)
				BeforeProcessingInitializeOnLoad (2ms)
				ProcessInitializeOnLoadAttributes (146ms)
				ProcessInitializeOnLoadMethodAttributes (46ms)
				AfterProcessingInitializeOnLoad (0ms)
				EditorAssembliesLoaded (0ms)
			ExecutionOrderSort2 (0ms)
			AwakeInstancesAfterBackupRestoration (0ms)
Platform modules already initialized, skipping
Registering precompiled user dll's ...
Registered in 0.019939 seconds.
Begin MonoManager ReloadAssembly
Native extension for WindowsStandalone target not found
Refreshing native plugins compatible for Editor in 1.04 ms, found 2 plugins.
Preloading 0 native plugins for Editor in 0.00 ms.
Find all reader and writers took 234 milliseconds
Script Module: UnityEngine.UI.dll
Weave behaviours and messages took323 milliseconds
Find all reader and writers took 154 milliseconds
Script Module: UnityEngine.TestRunner.dll
Weave behaviours and messages took33 milliseconds
Find all reader and writers took 119 milliseconds
Script Module: UnityEngine.XR.LegacyInputHelpers.dll
Weave behaviours and messages took2 milliseconds
Find all reader and writers took 114 milliseconds
Script Module: SimpleWebTransport.dll
Weave behaviours and messages took6 milliseconds
Find all reader and writers took 142 milliseconds
Script Module: Unity.Timeline.dll
Weave behaviours and messages took30 milliseconds
Find all reader and writers took 114 milliseconds
Script Module: UnityEngine.Purchasing.WinRTCore.dll
Weave behaviours and messages took1 milliseconds
Find all reader and writers took 178 milliseconds
Script Module: UnityEngine.Monetization.dll
Weave behaviours and messages took6 milliseconds
Find all reader and writers took 124 milliseconds
Script Module: UnityEngine.Purchasing.Stores.dll
Weave behaviours and messages took29 milliseconds
Find all reader and writers took 118 milliseconds
Script Module: UnityEngine.Purchasing.SecurityCore.dll
Weave behaviours and messages took3 milliseconds
Find all reader and writers took 184 milliseconds
Script Module: Unity.TextMeshPro.dll
Weave behaviours and messages took100 milliseconds
Find all reader and writers took 120 milliseconds
Script Module: UnityEngine.Purchasing.AppleCore.dll
Weave behaviours and messages took0 milliseconds
Find all reader and writers took 134 milliseconds
Script Module: UnityEngine.Purchasing.dll
Weave behaviours and messages took11 milliseconds
Find all reader and writers took 109 milliseconds
Script Module: UnityEngine.Advertisements.dll
Weave behaviours and messages took16 milliseconds
Find all reader and writers took 123 milliseconds
Script Module: kcp2k.dll
Weave behaviours and messages took4 milliseconds
Find all reader and writers took 183 milliseconds
Script Module: Telepathy.dll
Weave behaviours and messages took23 milliseconds
Find all reader and writers took 109 milliseconds
Script Module: UnityEngine.Purchasing.SecurityStub.dll
Weave behaviours and messages took0 milliseconds
Find all reader and writers took 111 milliseconds
Script Module: Purchasing.Common.dll
Weave behaviours and messages took5 milliseconds
Find all reader and writers took 110 milliseconds
Script Module: UnityEngine.Purchasing.Codeless.dll
Weave behaviours and messages took7 milliseconds
Find all reader and writers took 113 milliseconds
Script Module: UnityEngine.Purchasing.WinRTStub.dll
Weave behaviours and messages took0 milliseconds
Find all reader and writers took 134 milliseconds
Script Module: UnityEngine.Purchasing.AppleStub.dll
Weave behaviours and messages took0 milliseconds
Find all reader and writers took 142 milliseconds
Script Module: UnityEngine.Purchasing.AppleMacosStub.dll
Weave behaviours and messages took0 milliseconds
Find all reader and writers took 136 milliseconds
Script Module: UnityEngine.SpatialTracking.dll
Weave behaviours and messages took4 milliseconds
Find all reader and writers took 135 milliseconds
Script Module: Unity.Analytics.DataPrivacy.dll
Weave behaviours and messages took2 milliseconds
Find all reader and writers took 214 milliseconds
Script Module: UnityEditor.TestRunner.dll
Weave behaviours and messages took49 milliseconds
Find all reader and writers took 150 milliseconds
Script Module: UnityEditor.UI.dll
Weave behaviours and messages took14 milliseconds
Find all reader and writers took 165 milliseconds
Script Module: UnityEditor.Purchasing.dll
Weave behaviours and messages took13 milliseconds
Find all reader and writers took 170 milliseconds
Script Module: UnityEditor.XR.LegacyInputHelpers.dll
Weave behaviours and messages took2 milliseconds
Find all reader and writers took 131 milliseconds
Script Module: Mirror.CompilerSymbols.dll
Weave behaviours and messages took0 milliseconds
Find all reader and writers took 198 milliseconds
Script Module: UnityEditor.SpatialTracking.dll
Weave behaviours and messages took3 milliseconds
Find all reader and writers took 199 milliseconds
Script Module: Analytics.dll
Weave behaviours and messages took0 milliseconds
Mono: successfully reloaded assembly
- Completed reload, in 14.541 seconds
Domain Reload Profiling:
	ReloadAssembly (14542ms)
		BeginReloadAssembly (290ms)
			ExecutionOrderSort (0ms)
			DisableScriptedObjects (11ms)
			BackupInstance (0ms)
			ReleaseScriptingObjects (0ms)
			CreateAndSetChildDomain (34ms)
		EndReloadAssembly (14151ms)
			LoadAssemblies (167ms)
			RebuildTransferFunctionScriptingTraits (0ms)
			SetupTypeCache (486ms)
			ReleaseScriptCaches (1ms)
			RebuildScriptCaches (83ms)
			SetupLoadedEditorAssemblies (13228ms)
				LogAssemblyErrors (0ms)
				InitializePlatformSupportModulesInManaged (7ms)
				SetLoadedEditorAssemblies (1ms)
				RefreshPlugins (1ms)
				BeforeProcessingInitializeOnLoad (114ms)
				ProcessInitializeOnLoadAttributes (424ms)
				ProcessInitializeOnLoadMethodAttributes (12669ms)
				AfterProcessingInitializeOnLoad (12ms)
				EditorAssembliesLoaded (0ms)
			ExecutionOrderSort2 (0ms)
			AwakeInstancesAfterBackupRestoration (12ms)
Platform modules already initialized, skipping
========================================================================
Worker process is ready to serve import requests
Launched and connected shader compiler UnityShaderCompiler.exe after 0.32 seconds
Refreshing native plugins compatible for Editor in 1.12 ms, found 2 plugins.
Preloading 0 native plugins for Editor in 0.00 ms.
Unloading 2308 Unused Serialized files (Serialized files now loaded: 0)
System memory in use before: 93.8 MB.
System memory in use after: 94.0 MB.

Unloading 63 unused Assets to reduce memory usage. Loaded Objects now: 2722.
Total: 10.197800 ms (FindLiveObjects: 0.290800 ms CreateObjectMapping: 0.080600 ms MarkObjects: 9.681000 ms  DeleteObjects: 0.142800 ms)

AssetImportParameters requested are different than current active one (requested -> active):
  custom:framework-win-MediaFoundation: 216162199b28c13a410421893ffa2e32 -> 
  custom:video-decoder-ogg-theora: a1e56fd34408186e4bbccfd4996cb3dc -> 
  custom:container-muxer-webm: aa71ff27fc2769a1b78a27578f13a17b -> 
  custom:container-demuxer-webm: 4f35f7cbe854078d1ac9338744f61a02 -> 
  custom:container-demuxer-ogg: 62fdf1f143b41e24485cea50d1cbac27 -> 
  custom:video-encoder-webm-vp8: eb34c28f22e8b96e1ab97ce403110664 -> 
  custom:video-codec-MediaFoundation-h265: 746d11721c4dcdbdad8f713fa42b33f4 -> 
  custom:video-decoder-webm-vp8: 9c59270c3fd7afecdb556c50c9e8de78 -> 
  custom:audio-decoder-ogg-vorbis: bf7c407c2cedff20999df2af8eb42d56 -> 
  custom:audio-encoder-webm-vorbis: bf7c407c2cedff20999df2af8eb42d56 -> 
========================================================================
Received Import Request.
  path: Assets/UniScripts/AdminUtilities/Class_TicTacToe.cs
  artifactKey: Guid(bc8c2224ee7fdf643adc81d9cff77f96) Importer(815301076,1909f56bfc062723c751e8b465ee728b)
Start importing Assets/UniScripts/AdminUtilities/Class_TicTacToe.cs using Guid(bc8c2224ee7fdf643adc81d9cff77f96) Importer(815301076,1909f56bfc062723c751e8b465ee728b)  -> (artifact id: 'f42d3341d2fab9e071c9902266367cfd') in 0.516710 seconds 
========================================================================
Received Import Request.
  Time since last request: 6.022304 seconds.
  path: Assets/UniScripts/AdminUtilities/Class_Maze.cs
  artifactKey: Guid(da1f5ab646ef1bb4bb41ea93ca9767b0) Importer(815301076,1909f56bfc062723c751e8b465ee728b)
Start importing Assets/UniScripts/AdminUtilities/Class_Maze.cs using Guid(da1f5ab646ef1bb4bb41ea93ca9767b0) Importer(815301076,1909f56bfc062723c751e8b465ee728b)  -> (artifact id: '3b6a3a3669d57e6f7f27fe4605ddea5f') in 0.026467 seconds 
========================================================================
Received Prepare
Registering precompiled user dll's ...
Registered in 0.010876 seconds.
Begin MonoManager ReloadAssembly
Native extension for WindowsStandalone target not found
Refreshing native plugins compatible for Editor in 1.12 ms, found 2 plugins.
Preloading 0 native plugins for Editor in 0.00 ms.
Mono: successfully reloaded assembly
- Completed reload, in  1.969 seconds
Domain Reload Profiling:
	ReloadAssembly (1970ms)
		BeginReloadAssembly (170ms)
			ExecutionOrderSort (0ms)
			DisableScriptedObjects (9ms)
			BackupInstance (0ms)
			ReleaseScriptingObjects (0ms)
			CreateAndSetChildDomain (56ms)
		EndReloadAssembly (1679ms)
			LoadAssemblies (141ms)
			RebuildTransferFunctionScriptingTraits (0ms)
			SetupTypeCache (482ms)
			ReleaseScriptCaches (2ms)
			RebuildScriptCaches (86ms)
			SetupLoadedEditorAssemblies (632ms)
				LogAssemblyErrors (0ms)
				InitializePlatformSupportModulesInManaged (10ms)
				SetLoadedEditorAssemblies (2ms)
				RefreshPlugins (1ms)
				BeforeProcessingInitializeOnLoad (108ms)
				ProcessInitializeOnLoadAttributes (381ms)
				ProcessInitializeOnLoadMethodAttributes (114ms)
				AfterProcessingInitializeOnLoad (16ms)
				EditorAssembliesLoaded (0ms)
			ExecutionOrderSort2 (0ms)
			AwakeInstancesAfterBackupRestoration (14ms)
Platform modules already initialized, skipping
Switching build target platform(19) subTarget(0) extendedPlatform(0) -> platform(13) subTarget(589828) extendedPlatform(0)
Refreshing native plugins compatible for Editor in 1.78 ms, found 2 plugins.
Preloading 0 native plugins for Editor in 0.00 ms.
Unloading 2295 Unused Serialized files (Serialized files now loaded: 0)
System memory in use before: 92.5 MB.
System memory in use after: 92.8 MB.

Unloading 54 unused Assets to reduce memory usage. Loaded Objects now: 2725.
Total: 10.114200 ms (FindLiveObjects: 0.306300 ms CreateObjectMapping: 0.078900 ms MarkObjects: 9.669400 ms  DeleteObjects: 0.053200 ms)

AssetImportParameters requested are different than current active one (requested -> active):
  custom:framework-win-MediaFoundation: 216162199b28c13a410421893ffa2e32 -> 
  custom:video-decoder-ogg-theora: a1e56fd34408186e4bbccfd4996cb3dc -> 
  custom:container-muxer-webm: aa71ff27fc2769a1b78a27578f13a17b -> 
  custom:container-demuxer-webm: 4f35f7cbe854078d1ac9338744f61a02 -> 
  custom:container-demuxer-ogg: 62fdf1f143b41e24485cea50d1cbac27 -> 
  custom:video-encoder-webm-vp8: eb34c28f22e8b96e1ab97ce403110664 -> 
  custom:video-codec-MediaFoundation-h265: 746d11721c4dcdbdad8f713fa42b33f4 -> 
  custom:video-decoder-webm-vp8: 9c59270c3fd7afecdb556c50c9e8de78 -> 
  custom:graphics/normal-map-encoding: 01000000000000000000000000000000 -> 02000000000000000000000000000000
  custom:audio-decoder-ogg-vorbis: bf7c407c2cedff20999df2af8eb42d56 -> 
  custom:audio-encoder-webm-vorbis: bf7c407c2cedff20999df2af8eb42d56 -> 
========================================================================
Received Import Request.
  Time since last request: 18.076652 seconds.
  path: Assets/UniScripts/AdminUtilities/Class_Grabart.cs
  artifactKey: Guid(55de087fba6a0654f827f73d120d40fd) Importer(815301076,1909f56bfc062723c751e8b465ee728b)
Start importing Assets/UniScripts/AdminUtilities/Class_Grabart.cs using Guid(55de087fba6a0654f827f73d120d40fd) Importer(815301076,1909f56bfc062723c751e8b465ee728b)  -> (artifact id: 'f258398414fac6beb3c593ebc1e7ad56') in 0.074071 seconds 
========================================================================
Received Prepare
Registering precompiled user dll's ...
Registered in 0.016477 seconds.
Begin MonoManager ReloadAssembly
Native extension for WindowsStandalone target not found
Refreshing native plugins compatible for Editor in 1.02 ms, found 2 plugins.
Preloading 0 native plugins for Editor in 0.00 ms.
Mono: successfully reloaded assembly
- Completed reload, in  1.789 seconds
Domain Reload Profiling:
	ReloadAssembly (1791ms)
		BeginReloadAssembly (178ms)
			ExecutionOrderSort (0ms)
			DisableScriptedObjects (9ms)
			BackupInstance (0ms)
			ReleaseScriptingObjects (0ms)
			CreateAndSetChildDomain (60ms)
		EndReloadAssembly (1502ms)
			LoadAssemblies (149ms)
			RebuildTransferFunctionScriptingTraits (0ms)
			SetupTypeCache (455ms)
			ReleaseScriptCaches (2ms)
			RebuildScriptCaches (71ms)
			SetupLoadedEditorAssemblies (619ms)
				LogAssemblyErrors (0ms)
				InitializePlatformSupportModulesInManaged (7ms)
				SetLoadedEditorAssemblies (1ms)
				RefreshPlugins (1ms)
				BeforeProcessingInitializeOnLoad (108ms)
				ProcessInitializeOnLoadAttributes (384ms)
				ProcessInitializeOnLoadMethodAttributes (104ms)
				AfterProcessingInitializeOnLoad (14ms)
				EditorAssembliesLoaded (1ms)
			ExecutionOrderSort2 (0ms)
			AwakeInstancesAfterBackupRestoration (14ms)
Platform modules already initialized, skipping
Script is not up to date after domain reload: guid(b66e5b1ee200b874c9788cd2706cee99) path("Assets/UniScripts/AdminUtilities/Class_Switchart.cs") state(2)
Switching build target platform(19) subTarget(0) extendedPlatform(0) -> platform(13) subTarget(589828) extendedPlatform(0)
Refreshing native plugins compatible for Editor in 1.40 ms, found 2 plugins.
Preloading 0 native plugins for Editor in 0.00 ms.
Unloading 2296 Unused Serialized files (Serialized files now loaded: 0)
System memory in use before: 92.6 MB.
System memory in use after: 92.8 MB.

Unloading 54 unused Assets to reduce memory usage. Loaded Objects now: 2728.
Total: 10.335700 ms (FindLiveObjects: 0.319500 ms CreateObjectMapping: 0.104600 ms MarkObjects: 9.862000 ms  DeleteObjects: 0.047000 ms)

AssetImportParameters requested are different than current active one (requested -> active):
  custom:framework-win-MediaFoundation: 216162199b28c13a410421893ffa2e32 -> 
  custom:video-decoder-ogg-theora: a1e56fd34408186e4bbccfd4996cb3dc -> 
  custom:container-muxer-webm: aa71ff27fc2769a1b78a27578f13a17b -> 
  custom:container-demuxer-webm: 4f35f7cbe854078d1ac9338744f61a02 -> 
  custom:container-demuxer-ogg: 62fdf1f143b41e24485cea50d1cbac27 -> 
  custom:video-encoder-webm-vp8: eb34c28f22e8b96e1ab97ce403110664 -> 
  custom:video-codec-MediaFoundation-h265: 746d11721c4dcdbdad8f713fa42b33f4 -> 
  custom:video-decoder-webm-vp8: 9c59270c3fd7afecdb556c50c9e8de78 -> 
  custom:graphics/normal-map-encoding: 01000000000000000000000000000000 -> 02000000000000000000000000000000
  custom:audio-decoder-ogg-vorbis: bf7c407c2cedff20999df2af8eb42d56 -> 
  custom:audio-encoder-webm-vorbis: bf7c407c2cedff20999df2af8eb42d56 -> 
========================================================================
Received Import Request.
  Time since last request: 13.172462 seconds.
  path: Assets/UniScripts/AdminUtilities/Class_Switchart.cs
  artifactKey: Guid(b66e5b1ee200b874c9788cd2706cee99) Importer(815301076,1909f56bfc062723c751e8b465ee728b)
Start importing Assets/UniScripts/AdminUtilities/Class_Switchart.cs using Guid(b66e5b1ee200b874c9788cd2706cee99) Importer(815301076,1909f56bfc062723c751e8b465ee728b)  -> (artifact id: 'b4a433417834efa918131cdff4fd24c4') in 0.020948 seconds 
========================================================================
Received Prepare
Registering precompiled user dll's ...
Registered in 0.010573 seconds.
Begin MonoManager ReloadAssembly
Native extension for WindowsStandalone target not found
Refreshing native plugins compatible for Editor in 1.28 ms, found 2 plugins.
Preloading 0 native plugins for Editor in 0.00 ms.
Mono: successfully reloaded assembly
- Completed reload, in  1.894 seconds
Domain Reload Profiling:
	ReloadAssembly (1895ms)
		BeginReloadAssembly (194ms)
			ExecutionOrderSort (0ms)
			DisableScriptedObjects (9ms)
			BackupInstance (0ms)
			ReleaseScriptingObjects (0ms)
			CreateAndSetChildDomain (68ms)
		EndReloadAssembly (1603ms)
			LoadAssemblies (160ms)
			RebuildTransferFunctionScriptingTraits (0ms)
			SetupTypeCache (486ms)
			ReleaseScriptCaches (3ms)
			RebuildScriptCaches (95ms)
			SetupLoadedEditorAssemblies (621ms)
				LogAssemblyErrors (0ms)
				InitializePlatformSupportModulesInManaged (9ms)
				SetLoadedEditorAssemblies (1ms)
				RefreshPlugins (1ms)
				BeforeProcessingInitializeOnLoad (114ms)
				ProcessInitializeOnLoadAttributes (375ms)
				ProcessInitializeOnLoadMethodAttributes (108ms)
				AfterProcessingInitializeOnLoad (13ms)
				EditorAssembliesLoaded (0ms)
			ExecutionOrderSort2 (0ms)
			AwakeInstancesAfterBackupRestoration (13ms)
Platform modules already initialized, skipping
Script is not up to date after domain reload: guid(0f446b8dcec90bc4f91e0ef0c5c5f393) path("Assets/UniScripts/AdminUtilities/Class_Classifyart.cs") state(2)
Switching build target platform(19) subTarget(0) extendedPlatform(0) -> platform(13) subTarget(589828) extendedPlatform(0)
Refreshing native plugins compatible for Editor in 1.41 ms, found 2 plugins.
Preloading 0 native plugins for Editor in 0.00 ms.
Unloading 2297 Unused Serialized files (Serialized files now loaded: 0)
System memory in use before: 92.7 MB.
System memory in use after: 92.9 MB.

Unloading 54 unused Assets to reduce memory usage. Loaded Objects now: 2731.
Total: 12.934600 ms (FindLiveObjects: 0.392600 ms CreateObjectMapping: 0.207100 ms MarkObjects: 12.283600 ms  DeleteObjects: 0.049200 ms)

AssetImportParameters requested are different than current active one (requested -> active):
  custom:framework-win-MediaFoundation: 216162199b28c13a410421893ffa2e32 -> 
  custom:video-decoder-ogg-theora: a1e56fd34408186e4bbccfd4996cb3dc -> 
  custom:container-muxer-webm: aa71ff27fc2769a1b78a27578f13a17b -> 
  custom:container-demuxer-webm: 4f35f7cbe854078d1ac9338744f61a02 -> 
  custom:container-demuxer-ogg: 62fdf1f143b41e24485cea50d1cbac27 -> 
  custom:video-encoder-webm-vp8: eb34c28f22e8b96e1ab97ce403110664 -> 
  custom:video-codec-MediaFoundation-h265: 746d11721c4dcdbdad8f713fa42b33f4 -> 
  custom:video-decoder-webm-vp8: 9c59270c3fd7afecdb556c50c9e8de78 -> 
  custom:graphics/normal-map-encoding: 01000000000000000000000000000000 -> 02000000000000000000000000000000
  custom:audio-decoder-ogg-vorbis: bf7c407c2cedff20999df2af8eb42d56 -> 
  custom:audio-encoder-webm-vorbis: bf7c407c2cedff20999df2af8eb42d56 -> 
========================================================================
Received Import Request.
  Time since last request: 13.577064 seconds.
  path: Assets/UniScripts/AdminUtilities/Class_Classifyart.cs
  artifactKey: Guid(0f446b8dcec90bc4f91e0ef0c5c5f393) Importer(815301076,1909f56bfc062723c751e8b465ee728b)
Start importing Assets/UniScripts/AdminUtilities/Class_Classifyart.cs using Guid(0f446b8dcec90bc4f91e0ef0c5c5f393) Importer(815301076,1909f56bfc062723c751e8b465ee728b)  -> (artifact id: '8d855c7b100a0cc17defb88b6dddf481') in 0.053828 seconds 
========================================================================
Received Prepare
Registering precompiled user dll's ...
Registered in 0.010475 seconds.
Begin MonoManager ReloadAssembly
Native extension for WindowsStandalone target not found
Refreshing native plugins compatible for Editor in 1.01 ms, found 2 plugins.
Preloading 0 native plugins for Editor in 0.00 ms.
Mono: successfully reloaded assembly
- Completed reload, in  1.658 seconds
Domain Reload Profiling:
	ReloadAssembly (1659ms)
		BeginReloadAssembly (168ms)
			ExecutionOrderSort (0ms)
			DisableScriptedObjects (9ms)
			BackupInstance (0ms)
			ReleaseScriptingObjects (0ms)
			CreateAndSetChildDomain (63ms)
		EndReloadAssembly (1392ms)
			LoadAssemblies (135ms)
			RebuildTransferFunctionScriptingTraits (0ms)
			SetupTypeCache (452ms)
			ReleaseScriptCaches (2ms)
			RebuildScriptCaches (77ms)
			SetupLoadedEditorAssemblies (529ms)
				LogAssemblyErrors (0ms)
				InitializePlatformSupportModulesInManaged (7ms)
				SetLoadedEditorAssemblies (1ms)
				RefreshPlugins (1ms)
				BeforeProcessingInitializeOnLoad (90ms)
				ProcessInitializeOnLoadAttributes (332ms)
				ProcessInitializeOnLoadMethodAttributes (88ms)
				AfterProcessingInitializeOnLoad (10ms)
				EditorAssembliesLoaded (0ms)
			ExecutionOrderSort2 (0ms)
			AwakeInstancesAfterBackupRestoration (10ms)
Platform modules already initialized, skipping
Switching build target platform(19) subTarget(0) extendedPlatform(0) -> platform(13) subTarget(589828) extendedPlatform(0)
Refreshing native plugins compatible for Editor in 0.99 ms, found 2 plugins.
Preloading 0 native plugins for Editor in 0.00 ms.
Unloading 2298 Unused Serialized files (Serialized files now loaded: 0)
System memory in use before: 92.7 MB.
System memory in use after: 92.9 MB.

Unloading 54 unused Assets to reduce memory usage. Loaded Objects now: 2734.
Total: 7.591400 ms (FindLiveObjects: 0.287900 ms CreateObjectMapping: 0.072400 ms MarkObjects: 7.189000 ms  DeleteObjects: 0.040400 ms)

AssetImportParameters requested are different than current active one (requested -> active):
  custom:framework-win-MediaFoundation: 216162199b28c13a410421893ffa2e32 -> 
  custom:video-decoder-ogg-theora: a1e56fd34408186e4bbccfd4996cb3dc -> 
  custom:container-muxer-webm: aa71ff27fc2769a1b78a27578f13a17b -> 
  custom:container-demuxer-webm: 4f35f7cbe854078d1ac9338744f61a02 -> 
  custom:container-demuxer-ogg: 62fdf1f143b41e24485cea50d1cbac27 -> 
  custom:video-encoder-webm-vp8: eb34c28f22e8b96e1ab97ce403110664 -> 
  custom:video-codec-MediaFoundation-h265: 746d11721c4dcdbdad8f713fa42b33f4 -> 
  custom:video-decoder-webm-vp8: 9c59270c3fd7afecdb556c50c9e8de78 -> 
  custom:graphics/normal-map-encoding: 01000000000000000000000000000000 -> 02000000000000000000000000000000
  custom:audio-decoder-ogg-vorbis: bf7c407c2cedff20999df2af8eb42d56 -> 
  custom:audio-encoder-webm-vorbis: bf7c407c2cedff20999df2af8eb42d56 -> 
========================================================================
Received Import Request.
  Time since last request: 13.818602 seconds.
  path: Assets/UniScripts/AdminUtilities/Class_Classicart.cs
  artifactKey: Guid(acd77492a2374814b954dc98e17ef391) Importer(815301076,1909f56bfc062723c751e8b465ee728b)
Start importing Assets/UniScripts/AdminUtilities/Class_Classicart.cs using Guid(acd77492a2374814b954dc98e17ef391) Importer(815301076,1909f56bfc062723c751e8b465ee728b)  -> (artifact id: '0a3ac349e7a4a3b50e91853441a05b26') in 0.016662 seconds 
========================================================================
Received Import Request.
  Time since last request: 1.289924 seconds.
  path: Assets/UniScripts/AdminUtilities/Class_Matchart.cs
  artifactKey: Guid(550d06156ad856b40bfa206de656349b) Importer(815301076,1909f56bfc062723c751e8b465ee728b)
Start importing Assets/UniScripts/AdminUtilities/Class_Matchart.cs using Guid(550d06156ad856b40bfa206de656349b) Importer(815301076,1909f56bfc062723c751e8b465ee728b)  -> (artifact id: '844747bc77033ac8498d3a6d4668e906') in 0.013434 seconds 
========================================================================
Received Import Request.
  Time since last request: 168.953619 seconds.
  path: Assets/Quiz Database/Name
  artifactKey: Guid(39d997fb232ca664e93aebaed211cfdf) Importer(815301076,1909f56bfc062723c751e8b465ee728b)
Start importing Assets/Quiz Database/Name using Guid(39d997fb232ca664e93aebaed211cfdf) Importer(815301076,1909f56bfc062723c751e8b465ee728b)  -> (artifact id: '077d61e7f27b772354f342872e645f10') in 0.055036 seconds 
========================================================================
Received Import Request.
  Time since last request: 1656.383975 seconds.
  path: Assets/Quiz Database/Nameart.csv
  artifactKey: Guid(6fcc4ecbcce5f2b41b55312a6caf678b) Importer(815301076,1909f56bfc062723c751e8b465ee728b)
Start importing Assets/Quiz Database/Nameart.csv using Guid(6fcc4ecbcce5f2b41b55312a6caf678b) Importer(815301076,1909f56bfc062723c751e8b465ee728b)  -> (artifact id: 'ce6ad0c696282d9ad74f626c418a4b09') in 0.788030 seconds 
========================================================================
Received Import Request.
  Time since last request: 0.324503 seconds.
  path: Assets/Quiz Database/Matchart.csv
  artifactKey: Guid(ea816335803f66641a4bd9727ff702b8) Importer(815301076,1909f56bfc062723c751e8b465ee728b)
Start importing Assets/Quiz Database/Matchart.csv using Guid(ea816335803f66641a4bd9727ff702b8) Importer(815301076,1909f56bfc062723c751e8b465ee728b)  -> (artifact id: 'fa3101b646aec423f697e91a6697d435') in 0.013016 seconds 
========================================================================
Received Import Request.
  Time since last request: 2.431296 seconds.
  path: Assets/Quiz Database/Grabart.csv
  artifactKey: Guid(83f7d2fd6a684ea49bd42e23598682e3) Importer(815301076,1909f56bfc062723c751e8b465ee728b)
Start importing Assets/Quiz Database/Grabart.csv using Guid(83f7d2fd6a684ea49bd42e23598682e3) Importer(815301076,1909f56bfc062723c751e8b465ee728b)  -> (artifact id: '0b0b609bc12bcfc2185e51f8f8fa9505') in 0.012667 seconds 
========================================================================
Received Import Request.
  Time since last request: 27.197148 seconds.
  path: Assets/Quiz Database/TicTacToe.csv
  artifactKey: Guid(aabc0c6d306d4344882ab40ce3e217ad) Importer(815301076,1909f56bfc062723c751e8b465ee728b)
Start importing Assets/Quiz Database/TicTacToe.csv using Guid(aabc0c6d306d4344882ab40ce3e217ad) Importer(815301076,1909f56bfc062723c751e8b465ee728b)  -> (artifact id: '09ed57725ef161ce0f31c42ee0b3b05e') in 0.027598 seconds 
AssetImportWorkerClient::OnTransportError - code=2 error=End of file
