Using pre-set license
Built from '2021.1/staging' branch; Version is '2021.1.14f1 (51d2f824827f) revision 5362424'; Using compiler version '192528614'; Build Type 'Release'
OS: 'Windows 10 Home Single Language; OS build 19043.1110; Version 2009; 64bit' Language: 'en' Physical Memory: 7068 MB
BatchMode: 1, IsHumanControllingUs: 0, StartBugReporterOnCrash: 0, Is64bit: 1, IsPro: 0

 COMMAND LINE ARGUMENTS:
C:\Program Files\Unity\Hub\Editor\2021.1.14f1\Editor\Unity.exe
-adb2
-batchMode
-noUpm
-name
AssetImportWorker23
-projectPath
C:/Users/mapan/Documents/GitHub/FilipiKnow-Its-Art
-logFile
Logs/AssetImportWorker23.log
-srvPort
57776
Successfully changed project path to: C:/Users/mapan/Documents/GitHub/FilipiKnow-Its-Art
C:/Users/mapan/Documents/GitHub/FilipiKnow-Its-Art
Using Asset Import Pipeline V2.
Refreshing native plugins compatible for Editor in 96.31 ms, found 2 plugins.
Preloading 0 native plugins for Editor in 0.00 ms.
Initialize engine version: 2021.1.14f1 (51d2f824827f)
[Subsystems] Discovering subsystems at path C:/Program Files/Unity/Hub/Editor/2021.1.14f1/Editor/Data/Resources/UnitySubsystems
[Subsystems] Discovering subsystems at path C:/Users/mapan/Documents/GitHub/FilipiKnow-Its-Art/Assets
GfxDevice: creating device client; threaded=0; jobified=0
Direct3D:
    Version:  Direct3D 11.0 [level 11.1]
    Renderer: Radeon 530 Series (ID=0x6900)
    Vendor:   ATI
    VRAM:     2038 MB
    Driver:   27.20.21003.8013
Initialize mono
Mono path[0] = 'C:/Program Files/Unity/Hub/Editor/2021.1.14f1/Editor/Data/Managed'
Mono path[1] = 'C:/Program Files/Unity/Hub/Editor/2021.1.14f1/Editor/Data/MonoBleedingEdge/lib/mono/unityjit'
Mono config path = 'C:/Program Files/Unity/Hub/Editor/2021.1.14f1/Editor/Data/MonoBleedingEdge/etc'
Using monoOptions --debugger-agent=transport=dt_socket,embedding=1,server=y,suspend=n,address=127.0.0.1:56096
Begin MonoManager ReloadAssembly
Registering precompiled unity dll's ...
Register platform support module: C:/Program Files/Unity/Hub/Editor/2021.1.14f1/Editor/Data/PlaybackEngines/WindowsStandaloneSupport/UnityEditor.WindowsStandalone.Extensions.dll
Registered in 0.002931 seconds.
Native extension for WindowsStandalone target not found
Refreshing native plugins compatible for Editor in 71.78 ms, found 2 plugins.
Preloading 0 native plugins for Editor in 0.00 ms.
Mono: successfully reloaded assembly
- Completed reload, in  3.492 seconds
Domain Reload Profiling:
	ReloadAssembly (3492ms)
		BeginReloadAssembly (80ms)
			ExecutionOrderSort (0ms)
			DisableScriptedObjects (0ms)
			BackupInstance (0ms)
			ReleaseScriptingObjects (0ms)
			CreateAndSetChildDomain (1ms)
		EndReloadAssembly (662ms)
			LoadAssemblies (76ms)
			RebuildTransferFunctionScriptingTraits (0ms)
			SetupTypeCache (259ms)
			ReleaseScriptCaches (0ms)
			RebuildScriptCaches (46ms)
			SetupLoadedEditorAssemblies (277ms)
				LogAssemblyErrors (0ms)
				InitializePlatformSupportModulesInManaged (9ms)
				SetLoadedEditorAssemblies (0ms)
				RefreshPlugins (72ms)
				BeforeProcessingInitializeOnLoad (2ms)
				ProcessInitializeOnLoadAttributes (147ms)
				ProcessInitializeOnLoadMethodAttributes (45ms)
				AfterProcessingInitializeOnLoad (0ms)
				EditorAssembliesLoaded (0ms)
			ExecutionOrderSort2 (0ms)
			AwakeInstancesAfterBackupRestoration (0ms)
Platform modules already initialized, skipping
Registering precompiled user dll's ...
Registered in 0.010117 seconds.
Begin MonoManager ReloadAssembly
Native extension for WindowsStandalone target not found
Refreshing native plugins compatible for Editor in 1.05 ms, found 2 plugins.
Preloading 0 native plugins for Editor in 0.00 ms.
Find all reader and writers took 279 milliseconds
Script Module: UnityEngine.UI.dll
Weave behaviours and messages took132 milliseconds
Find all reader and writers took 134 milliseconds
Script Module: UnityEngine.TestRunner.dll
Weave behaviours and messages took28 milliseconds
Find all reader and writers took 142 milliseconds
Script Module: UnityEngine.XR.LegacyInputHelpers.dll
Weave behaviours and messages took3 milliseconds
Find all reader and writers took 134 milliseconds
Script Module: SimpleWebTransport.dll
Weave behaviours and messages took6 milliseconds
Find all reader and writers took 128 milliseconds
Script Module: Unity.Timeline.dll
Weave behaviours and messages took45 milliseconds
Find all reader and writers took 125 milliseconds
Script Module: UnityEngine.Purchasing.WinRTCore.dll
Weave behaviours and messages took0 milliseconds
Find all reader and writers took 140 milliseconds
Script Module: UnityEngine.Monetization.dll
Weave behaviours and messages took8 milliseconds
Find all reader and writers took 130 milliseconds
Script Module: UnityEngine.Purchasing.Stores.dll
Weave behaviours and messages took41 milliseconds
Find all reader and writers took 115 milliseconds
Script Module: UnityEngine.Purchasing.SecurityCore.dll
Weave behaviours and messages took0 milliseconds
Find all reader and writers took 192 milliseconds
Script Module: Unity.TextMeshPro.dll
Weave behaviours and messages took105 milliseconds
Find all reader and writers took 223 milliseconds
Script Module: UnityEngine.Purchasing.AppleCore.dll
Weave behaviours and messages took0 milliseconds
Find all reader and writers took 110 milliseconds
Script Module: UnityEngine.Purchasing.dll
Weave behaviours and messages took4 milliseconds
Find all reader and writers took 128 milliseconds
Script Module: UnityEngine.Advertisements.dll
Weave behaviours and messages took12 milliseconds
