Using pre-set license
Built from '2021.1/staging' branch; Version is '2021.1.14f1 (51d2f824827f) revision 5362424'; Using compiler version '192528614'; Build Type 'Release'
OS: 'Windows 10 Home Single Language; OS build 19043.1110; Version 2009; 64bit' Language: 'en' Physical Memory: 7068 MB
BatchMode: 1, IsHumanControllingUs: 0, StartBugReporterOnCrash: 0, Is64bit: 1, IsPro: 0

 COMMAND LINE ARGUMENTS:
C:\Program Files\Unity\Hub\Editor\2021.1.14f1\Editor\Unity.exe
-adb2
-batchMode
-noUpm
-name
AssetImportWorker17
-projectPath
C:/Users/mapan/Documents/GitHub/FilipiKnow-Its-Art
-logFile
Logs/AssetImportWorker17.log
-srvPort
64032
Successfully changed project path to: C:/Users/mapan/Documents/GitHub/FilipiKnow-Its-Art
C:/Users/mapan/Documents/GitHub/FilipiKnow-Its-Art
Using Asset Import Pipeline V2.
Refreshing native plugins compatible for Editor in 117.07 ms, found 3 plugins.
Preloading 0 native plugins for Editor in 0.00 ms.
Initialize engine version: 2021.1.14f1 (51d2f824827f)
[Subsystems] Discovering subsystems at path C:/Program Files/Unity/Hub/Editor/2021.1.14f1/Editor/Data/Resources/UnitySubsystems
[Subsystems] Discovering subsystems at path C:/Users/mapan/Documents/GitHub/FilipiKnow-Its-Art/Assets
GfxDevice: creating device client; threaded=0; jobified=0
Direct3D:
    Version:  Direct3D 11.0 [level 11.1]
    Renderer: Radeon 530 Series (ID=0x6900)
    Vendor:   ATI
    VRAM:     2038 MB
    Driver:   27.20.21003.8013
Initialize mono
Mono path[0] = 'C:/Program Files/Unity/Hub/Editor/2021.1.14f1/Editor/Data/Managed'
Mono path[1] = 'C:/Program Files/Unity/Hub/Editor/2021.1.14f1/Editor/Data/MonoBleedingEdge/lib/mono/unityjit'
Mono config path = 'C:/Program Files/Unity/Hub/Editor/2021.1.14f1/Editor/Data/MonoBleedingEdge/etc'
Using monoOptions --debugger-agent=transport=dt_socket,embedding=1,server=y,suspend=n,address=127.0.0.1:56408
Begin MonoManager ReloadAssembly
Registering precompiled unity dll's ...
Register platform support module: C:/Program Files/Unity/Hub/Editor/2021.1.14f1/Editor/Data/PlaybackEngines/WindowsStandaloneSupport/UnityEditor.WindowsStandalone.Extensions.dll
Registered in 0.005625 seconds.
Native extension for WindowsStandalone target not found
Refreshing native plugins compatible for Editor in 82.84 ms, found 3 plugins.
Preloading 0 native plugins for Editor in 0.00 ms.
Mono: successfully reloaded assembly
- Completed reload, in  3.513 seconds
Domain Reload Profiling:
	ReloadAssembly (3514ms)
		BeginReloadAssembly (93ms)
			ExecutionOrderSort (0ms)
			DisableScriptedObjects (0ms)
			BackupInstance (0ms)
			ReleaseScriptingObjects (0ms)
			CreateAndSetChildDomain (2ms)
		EndReloadAssembly (685ms)
			LoadAssemblies (88ms)
			RebuildTransferFunctionScriptingTraits (0ms)
			SetupTypeCache (251ms)
			ReleaseScriptCaches (0ms)
			RebuildScriptCaches (48ms)
			SetupLoadedEditorAssemblies (298ms)
				LogAssemblyErrors (0ms)
				InitializePlatformSupportModulesInManaged (9ms)
				SetLoadedEditorAssemblies (1ms)
				RefreshPlugins (83ms)
				BeforeProcessingInitializeOnLoad (2ms)
				ProcessInitializeOnLoadAttributes (144ms)
				ProcessInitializeOnLoadMethodAttributes (59ms)
				AfterProcessingInitializeOnLoad (0ms)
				EditorAssembliesLoaded (0ms)
			ExecutionOrderSort2 (0ms)
			AwakeInstancesAfterBackupRestoration (0ms)
Platform modules already initialized, skipping
Registering precompiled user dll's ...
Registered in 0.012865 seconds.
Begin MonoManager ReloadAssembly
Native extension for WindowsStandalone target not found
Refreshing native plugins compatible for Editor in 1.14 ms, found 3 plugins.
Preloading 0 native plugins for Editor in 0.00 ms.
Find all reader and writers took 171 milliseconds
Script Module: UnityEngine.UI.dll
Weave behaviours and messages took104 milliseconds
Find all reader and writers took 154 milliseconds
Script Module: UnityEngine.TestRunner.dll
Weave behaviours and messages took34 milliseconds
Find all reader and writers took 131 milliseconds
Script Module: UnityEngine.XR.LegacyInputHelpers.dll
Weave behaviours and messages took3 milliseconds
Find all reader and writers took 169 milliseconds
Script Module: SimpleWebTransport.dll
Weave behaviours and messages took22 milliseconds
Find all reader and writers took 167 milliseconds
Script Module: PlayFab.dll
Weave behaviours and messages took149 milliseconds
Find all reader and writers took 155 milliseconds
Script Module: Unity.Timeline.dll
Weave behaviours and messages took42 milliseconds
Find all reader and writers took 181 milliseconds
Script Module: UnityEngine.Purchasing.WinRTCore.dll
Weave behaviours and messages took0 milliseconds
Find all reader and writers took 152 milliseconds
Script Module: UnityEngine.Monetization.dll
Weave behaviours and messages took7 milliseconds
Find all reader and writers took 160 milliseconds
Script Module: UnityEngine.Purchasing.Stores.dll
Weave behaviours and messages took44 milliseconds
Find all reader and writers took 147 milliseconds
Script Module: Elringus.UnityGoogleDrive.Runtime.dll
Weave behaviours and messages took45 milliseconds
Find all reader and writers took 160 milliseconds
Script Module: UnityEngine.Purchasing.SecurityCore.dll
Weave behaviours and messages took0 milliseconds
Find all reader and writers took 201 milliseconds
Script Module: Unity.TextMeshPro.dll
Weave behaviours and messages took107 milliseconds
Find all reader and writers took 167 milliseconds
Script Module: UnityEngine.Purchasing.AppleCore.dll
Weave behaviours and messages took0 milliseconds
Find all reader and writers took 139 milliseconds
Script Module: UnityEngine.Purchasing.dll
Weave behaviours and messages took18 milliseconds
Find all reader and writers took 141 milliseconds
Script Module: UnityEngine.Advertisements.dll
Weave behaviours and messages took12 milliseconds
Find all reader and writers took 141 milliseconds
Script Module: kcp2k.dll
Weave behaviours and messages took8 milliseconds
Find all reader and writers took 133 milliseconds
Script Module: Telepathy.dll
Weave behaviours and messages took2 milliseconds
Find all reader and writers took 116 milliseconds
Script Module: UnityEngine.Purchasing.SecurityStub.dll
Weave behaviours and messages took0 milliseconds
Find all reader and writers took 122 milliseconds
Script Module: Purchasing.Common.dll
Weave behaviours and messages took3 milliseconds
Find all reader and writers took 143 milliseconds
Script Module: UnityEngine.Purchasing.Codeless.dll
Weave behaviours and messages took2 milliseconds
Find all reader and writers took 129 milliseconds
Script Module: SimpleFileBrowser.Runtime.dll
Weave behaviours and messages took9 milliseconds
Find all reader and writers took 121 milliseconds
Script Module: UnityEngine.Purchasing.WinRTStub.dll
Weave behaviours and messages took0 milliseconds
Find all reader and writers took 139 milliseconds
Script Module: UnityEngine.Purchasing.AppleStub.dll
Weave behaviours and messages took0 milliseconds
Find all reader and writers took 121 milliseconds
Script Module: UnityEngine.Purchasing.AppleMacosStub.dll
Weave behaviours and messages took0 milliseconds
Find all reader and writers took 126 milliseconds
Script Module: UnityEngine.SpatialTracking.dll
Weave behaviours and messages took5 milliseconds
Find all reader and writers took 145 milliseconds
Script Module: Unity.Analytics.DataPrivacy.dll
Weave behaviours and messages took0 milliseconds
Find all reader and writers took 201 milliseconds
Script Module: UnityEditor.TestRunner.dll
Weave behaviours and messages took43 milliseconds
Find all reader and writers took 162 milliseconds
Script Module: UnityEditor.UI.dll
Weave behaviours and messages took10 milliseconds
Find all reader and writers took 158 milliseconds
Script Module: PlayFabEditorExtensions.dll
Weave behaviours and messages took19 milliseconds
Find all reader and writers took 157 milliseconds
Script Module: UnityEditor.Purchasing.dll
Weave behaviours and messages took8 milliseconds
Find all reader and writers took 170 milliseconds
Script Module: UnityEditor.XR.LegacyInputHelpers.dll
Weave behaviours and messages took1 milliseconds
Find all reader and writers took 179 milliseconds
Script Module: Mirror.CompilerSymbols.dll
Weave behaviours and messages took0 milliseconds
Find all reader and writers took 203 milliseconds
Script Module: UnityEditor.SpatialTracking.dll
Weave behaviours and messages took0 milliseconds
Find all reader and writers took 128 milliseconds
Script Module: PlayFabSDKEditor.dll
Weave behaviours and messages took0 milliseconds
Find all reader and writers took 133 milliseconds
Script Module: Analytics.dll
Weave behaviours and messages took0 milliseconds
Mono: successfully reloaded assembly
- Completed reload, in 17.477 seconds
Domain Reload Profiling:
	ReloadAssembly (17478ms)
		BeginReloadAssembly (263ms)
			ExecutionOrderSort (0ms)
			DisableScriptedObjects (11ms)
			BackupInstance (0ms)
			ReleaseScriptingObjects (0ms)
			CreateAndSetChildDomain (43ms)
		EndReloadAssembly (17109ms)
			LoadAssemblies (147ms)
			RebuildTransferFunctionScriptingTraits (0ms)
			SetupTypeCache (547ms)
			ReleaseScriptCaches (1ms)
			RebuildScriptCaches (76ms)
			SetupLoadedEditorAssemblies (16183ms)
				LogAssemblyErrors (0ms)
				InitializePlatformSupportModulesInManaged (7ms)
				SetLoadedEditorAssemblies (1ms)
				RefreshPlugins (1ms)
				BeforeProcessingInitializeOnLoad (107ms)
				ProcessInitializeOnLoadAttributes (732ms)
				ProcessInitializeOnLoadMethodAttributes (15324ms)
				AfterProcessingInitializeOnLoad (11ms)
				EditorAssembliesLoaded (0ms)
			ExecutionOrderSort2 (0ms)
			AwakeInstancesAfterBackupRestoration (10ms)
Platform modules already initialized, skipping
========================================================================
Worker process is ready to serve import requests
Launched and connected shader compiler UnityShaderCompiler.exe after 0.44 seconds
Refreshing native plugins compatible for Editor in 1.23 ms, found 3 plugins.
Preloading 0 native plugins for Editor in 0.00 ms.
Unloading 2502 Unused Serialized files (Serialized files now loaded: 0)
System memory in use before: 102.5 MB.
System memory in use after: 102.7 MB.

Unloading 71 unused Assets to reduce memory usage. Loaded Objects now: 2913.
Total: 119.767100 ms (FindLiveObjects: 0.310600 ms CreateObjectMapping: 0.113600 ms MarkObjects: 119.105000 ms  DeleteObjects: 0.227500 ms)

AssetImportParameters requested are different than current active one (requested -> active):
  custom:framework-win-MediaFoundation: 216162199b28c13a410421893ffa2e32 -> 
  custom:video-decoder-ogg-theora: a1e56fd34408186e4bbccfd4996cb3dc -> 
  custom:container-muxer-webm: aa71ff27fc2769a1b78a27578f13a17b -> 
  custom:container-demuxer-webm: 4f35f7cbe854078d1ac9338744f61a02 -> 
  custom:container-demuxer-ogg: 62fdf1f143b41e24485cea50d1cbac27 -> 
  custom:video-encoder-webm-vp8: eb34c28f22e8b96e1ab97ce403110664 -> 
  custom:video-codec-MediaFoundation-h265: 746d11721c4dcdbdad8f713fa42b33f4 -> 
  custom:video-decoder-webm-vp8: 9c59270c3fd7afecdb556c50c9e8de78 -> 
  custom:audio-decoder-ogg-vorbis: bf7c407c2cedff20999df2af8eb42d56 -> 
  custom:audio-encoder-webm-vorbis: bf7c407c2cedff20999df2af8eb42d56 -> 
========================================================================
Received Import Request.
  path: Assets/UniScripts/Google Drive API
  artifactKey: Guid(e19e72c23ca66b94dbf89b1281ace75d) Importer(815301076,1909f56bfc062723c751e8b465ee728b)
Start importing Assets/UniScripts/Google Drive API using Guid(e19e72c23ca66b94dbf89b1281ace75d) Importer(815301076,1909f56bfc062723c751e8b465ee728b)  -> (artifact id: '94cba703c7165639afa6d2457e28a903') in 0.304201 seconds 
========================================================================
Received Import Request.
  Time since last request: 0.000328 seconds.
  path: Assets/UniScripts/Google Drive API/Authentication
  artifactKey: Guid(e4aefd66c0e8e274d8303b2feb51a9ee) Importer(815301076,1909f56bfc062723c751e8b465ee728b)
Start importing Assets/UniScripts/Google Drive API/Authentication using Guid(e4aefd66c0e8e274d8303b2feb51a9ee) Importer(815301076,1909f56bfc062723c751e8b465ee728b)  -> (artifact id: 'e1dff1d5747e05d33f0a967b36575bc9') in 0.027087 seconds 
========================================================================
Received Prepare
Registering precompiled user dll's ...
Registered in 0.015678 seconds.
Begin MonoManager ReloadAssembly
Native extension for WindowsStandalone target not found
Refreshing native plugins compatible for Editor in 1.40 ms, found 3 plugins.
Preloading 0 native plugins for Editor in 0.00 ms.
Mono: successfully reloaded assembly
- Completed reload, in  2.531 seconds
Domain Reload Profiling:
	ReloadAssembly (2532ms)
		BeginReloadAssembly (229ms)
			ExecutionOrderSort (0ms)
			DisableScriptedObjects (15ms)
			BackupInstance (0ms)
			ReleaseScriptingObjects (0ms)
			CreateAndSetChildDomain (80ms)
		EndReloadAssembly (2186ms)
			LoadAssemblies (273ms)
			RebuildTransferFunctionScriptingTraits (0ms)
			SetupTypeCache (732ms)
			ReleaseScriptCaches (2ms)
			RebuildScriptCaches (85ms)
			SetupLoadedEditorAssemblies (885ms)
				LogAssemblyErrors (0ms)
				InitializePlatformSupportModulesInManaged (7ms)
				SetLoadedEditorAssemblies (1ms)
				RefreshPlugins (2ms)
				BeforeProcessingInitializeOnLoad (123ms)
				ProcessInitializeOnLoadAttributes (657ms)
				ProcessInitializeOnLoadMethodAttributes (78ms)
				AfterProcessingInitializeOnLoad (18ms)
				EditorAssembliesLoaded (0ms)
			ExecutionOrderSort2 (0ms)
			AwakeInstancesAfterBackupRestoration (25ms)
Platform modules already initialized, skipping
Refreshing native plugins compatible for Editor in 1.22 ms, found 3 plugins.
Preloading 0 native plugins for Editor in 0.00 ms.
Unloading 2483 Unused Serialized files (Serialized files now loaded: 0)
System memory in use before: 101.4 MB.
System memory in use after: 101.6 MB.

Unloading 62 unused Assets to reduce memory usage. Loaded Objects now: 2916.
Total: 11.051000 ms (FindLiveObjects: 0.290800 ms CreateObjectMapping: 0.087300 ms MarkObjects: 10.618600 ms  DeleteObjects: 0.052000 ms)

AssetImportParameters requested are different than current active one (requested -> active):
  custom:framework-win-MediaFoundation: 216162199b28c13a410421893ffa2e32 -> 
  custom:video-decoder-ogg-theora: a1e56fd34408186e4bbccfd4996cb3dc -> 
  custom:container-muxer-webm: aa71ff27fc2769a1b78a27578f13a17b -> 
  custom:container-demuxer-webm: 4f35f7cbe854078d1ac9338744f61a02 -> 
  custom:container-demuxer-ogg: 62fdf1f143b41e24485cea50d1cbac27 -> 
  custom:video-encoder-webm-vp8: eb34c28f22e8b96e1ab97ce403110664 -> 
  custom:video-codec-MediaFoundation-h265: 746d11721c4dcdbdad8f713fa42b33f4 -> 
  custom:video-decoder-webm-vp8: 9c59270c3fd7afecdb556c50c9e8de78 -> 
  custom:audio-decoder-ogg-vorbis: bf7c407c2cedff20999df2af8eb42d56 -> 
  custom:audio-encoder-webm-vorbis: bf7c407c2cedff20999df2af8eb42d56 -> 
========================================================================
Received Import Request.
  Time since last request: 731.950235 seconds.
  path: Assets/UnityGoogleDrive
  artifactKey: Guid(0055a5452ac03b64eb4519e55b83185c) Importer(815301076,1909f56bfc062723c751e8b465ee728b)
Start importing Assets/UnityGoogleDrive using Guid(0055a5452ac03b64eb4519e55b83185c) Importer(815301076,1909f56bfc062723c751e8b465ee728b)  -> (artifact id: 'b188a7f19db0e62895de2745e708e698') in 0.032458 seconds 
AssetImportWorkerClient::OnTransportError - code=2 error=End of file
