Base path: 'C:/Program Files/Unity/Hub/Editor/2021.1.14f1/Editor/Data', plugins path 'C:/Program Files/Unity/Hub/Editor/2021.1.14f1/Editor/Data/PlaybackEngines'
Cmd: initializeCompiler

Cmd: disassembleShader
 name=UI/Default platform=gles type=5 mask=6 insize=2669 outsize=2669 ok=1

Cmd: disassembleShader
 name=UI/Default platform=gles type=5 mask=6 insize=3037 outsize=3037 ok=1

Cmd: disassembleShader
 name=UI/Default platform=gles type=5 mask=6 insize=3194 outsize=3194 ok=1

Cmd: disassembleShader
 name=UI/Default platform=gles type=5 mask=6 insize=3194 outsize=3194 ok=1

Cmd: disassembleShader
 name=UI/Default platform=gles type=5 mask=6 insize=3194 outsize=3194 ok=1

Cmd: disassembleShader
 name=UI/Default platform=gles3 type=4 mask=6 insize=3378 outsize=3378 ok=1

Cmd: disassembleShader
 name=UI/Default platform=gles3 type=4 mask=6 insize=3378 outsize=3378 ok=1

Cmd: disassembleShader
 name=UI/Default platform=gles3 type=4 mask=6 insize=3378 outsize=3378 ok=1

Cmd: disassembleShader
 name=UI/Default platform=gles3 type=4 mask=6 insize=3608 outsize=3608 ok=1

Cmd: disassembleShader
 name=UI/Default platform=gles3 type=4 mask=6 insize=3608 outsize=3608 ok=1

Cmd: disassembleShader
 name=UI/Default platform=gles3 type=4 mask=6 insize=3608 outsize=3608 ok=1

Cmd: disassembleShader
 name=UI/Default platform=gles3 type=4 mask=6 insize=3827 outsize=3827 ok=1

Cmd: disassembleShader
 name=UI/Default platform=gles3 type=4 mask=6 insize=4056 outsize=4056 ok=1

Cmd: disassembleShader
 name=UI/Default platform=gles3 type=4 mask=6 insize=4056 outsize=4056 ok=1

Cmd: shutdown
